StartTime = -17
Jump:  StTime = 14 EdTime = 26
CollectCoin:  time = 78
RunState: StTime = -7 EdTime = 80
LittleState: StTime = -17 EdTime = 80
Totaltime = 97
Jump:  StTime = 78 EdTime = 80
Die:  EnemyType = 2
StartTime = -17
RightMove: StTime = -16 EdTime = 18
RunState: StTime = -17 EdTime = 57
Jump:  StTime = 329 EdTime = 344
RightMove: StTime = 332 EdTime = 105
RunState: StTime = 363 EdTime = 419
LittleState: StTime = -17 EdTime = 419
Totaltime = 436
Jump:  StTime = 417 EdTime = 419
Die:  EnemyType = 2
StartTime = -17
RightMove: StTime = -16 EdTime = 123
RightMove: StTime = 72 EdTime = 135
Jump:  StTime = 69 EdTime = 86
RightMove: StTime = 85 EdTime = 200
RunState: StTime = -17 EdTime = 159
LittleState: StTime = -17 EdTime = 159
Totaltime = 176
Die:  EnemyType = 2
