StartTime = -17
CollectCoin:  time = 33
CollectCoin:  time = 34
CollectCoin:  time = 36
Jump:  StTime = 28 EdTime = 38
CollectCoin:  time = 53
Jump:  StTime = 62 EdTime = 72
Jump:  StTime = 85 EdTime = 99
RightMove: StTime = -6 EdTime = 121
CollectCoin:  time = 129
CollectCoin:  time = 131
Jump:  StTime = 120 EdTime = 132
Jump:  StTime = 148 EdTime = 164
Jump:  StTime = 174 EdTime = 184
CollectCoin:  time = 187
RightMove: StTime = 125 EdTime = 195
Jump:  StTime = 195 EdTime = 203
RightMove: StTime = 200 EdTime = 235
CollectCoin:  time = 258
Jump:  StTime = 245 EdTime = 259
Jump:  StTime = 280 EdTime = 292
CollectCoin:  time = 297
CollectCoin:  time = 298
BlockCoinDestroy:  time = 299
CollectCoin:  time = 300
Jump:  StTime = 297 EdTime = 305
CollectCoin:  time = 312
CollectCoin:  time = 313
StompKill:  EnemyType = 2 time = 316
CollectCoin:  time = 320
CollectCoin:  time = 322
Jump:  StTime = 312 EdTime = 325
RunState: StTime = 22 EdTime = 338
LittleState: StTime = -17 EdTime = 338
Totaltime = 355
Die:  EnemyType = 2
StartTime = -17
RightMove: StTime = -16 EdTime = 259
CollectCoin:  time = 20
CollectCoin:  time = 21
CollectCoin:  time = 24
Jump:  StTime = 11 EdTime = 25
CollectCoin:  time = 42
Jump:  StTime = 51 EdTime = 64
Jump:  StTime = 77 EdTime = 91
CollectCoin:  time = 106
CollectCoin:  time = 107
CollectCoin:  time = 108
Jump:  StTime = 95 EdTime = 110
Jump:  StTime = 121 EdTime = 138
RightMove: StTime = 15 EdTime = 396
Jump:  StTime = 149 EdTime = 158
CollectCoin:  time = 167
RightMove: StTime = 153 EdTime = 422
Jump:  StTime = 176 EdTime = 187
RightMove: StTime = 181 EdTime = 462
CollectCoin:  time = 245
Jump:  StTime = 232 EdTime = 246
CollectCoin:  time = 281
Jump:  StTime = 267 EdTime = 282
CollectCoin:  time = 297
CollectCoin:  time = 297
CollectCoin:  time = 298
CollectCoin:  time = 300
StompKill:  EnemyType = 2 time = 302
CollectCoin:  time = 307
CollectCoin:  time = 309
Jump:  StTime = 297 EdTime = 311
CollectCoin:  time = 316
CollectCoin:  time = 317
RunState: StTime = -17 EdTime = 318
LittleState: StTime = -17 EdTime = 318
Totaltime = 335
Die:  EnemyType = 2
StartTime = -17
RightMove: StTime = 4 EdTime = 486
CollectCoin:  time = 34
CollectCoin:  time = 36
Jump:  StTime = 26 EdTime = 39
RightMove: StTime = 30 EdTime = 511
Jump:  StTime = 52 EdTime = 62
Jump:  StTime = 90 EdTime = 108
Jump:  StTime = 111 EdTime = 121
Jump:  StTime = 162 EdTime = 176
RightMove: StTime = 56 EdTime = 649
Jump:  StTime = 195 EdTime = 207
RightMove: StTime = 200 EdTime = 689
CollectCoin:  time = 259
Jump:  StTime = 246 EdTime = 260
Jump:  StTime = 275 EdTime = 292
RightMove: StTime = 250 EdTime = 732
CollectCoin:  time = 307
CollectCoin:  time = 308
CollectCoin:  time = 310
Jump:  StTime = 296 EdTime = 311
RightMove: StTime = 299 EdTime = 764
RunState: StTime = -17 EdTime = 334
LittleState: StTime = -17 EdTime = 334
Totaltime = 351
Die:  EnemyType = 2
