StartTime = -17
Jump:  StTime = 56 EdTime = 72
CollectCoin:  time = 74
RunState: StTime = 78 EdTime = 104
Jump:  StTime = 92 EdTime = 104
RightMove: StTime = 36 EdTime = 92
StompKill:  EnemyType = 2 time = 142
CollectCoin:  time = 145
CollectCoin:  time = 145
CollectCoin:  time = 156
Jump:  StTime = 128 EdTime = 157
RightMove: StTime = 131 EdTime = 148
Jump:  StTime = 190 EdTime = 199
StompKill:  EnemyType = 2 time = 203
RunState: StTime = 123 EdTime = 226
CollectCoin:  time = 233
RightMove: StTime = 193 EdTime = 208
Jump:  StTime = 255 EdTime = 269
RunState: StTime = 246 EdTime = 272
Jump:  StTime = 292 EdTime = 304
RightMove: StTime = 259 EdTime = 265
Jump:  StTime = 322 EdTime = 334
RightMove: StTime = 327 EdTime = 277
Jump:  StTime = 342 EdTime = 358
RightMove: StTime = 346 EdTime = 290
CollectCoin:  time = 374
CollectCoin:  time = 375
CollectCoin:  time = 377
Jump:  StTime = 363 EdTime = 378
RunState: StTime = 289 EdTime = 379
RightMove: StTime = 366 EdTime = 310
RightMove: StTime = 387 EdTime = 311
RightMove: StTime = 389 EdTime = 312
RightMove: StTime = 391 EdTime = 313
RightMove: StTime = 393 EdTime = 314
RunState: StTime = 393 EdTime = 405
RightMove: StTime = 406 EdTime = 315
RightMove: StTime = 408 EdTime = 316
RunState: StTime = 410 EdTime = 411
RightMove: StTime = 410 EdTime = 317
RightMove: StTime = 412 EdTime = 318
RightMove: StTime = 414 EdTime = 319
RightMove: StTime = 416 EdTime = 320
RightMove: StTime = 418 EdTime = 321
RunState: StTime = 418 EdTime = 421
RightMove: StTime = 422 EdTime = 322
RightMove: StTime = 424 EdTime = 323
RunState: StTime = 424 EdTime = 427
RightMove: StTime = 428 EdTime = 324
RunState: StTime = 429 EdTime = 431
RightMove: StTime = 432 EdTime = 325
RightMove: StTime = 434 EdTime = 326
RunState: StTime = 434 EdTime = 436
RightMove: StTime = 437 EdTime = 327
RightMove: StTime = 439 EdTime = 328
RightMove: StTime = 441 EdTime = 329
RightMove: StTime = 443 EdTime = 330
RightMove: StTime = 445 EdTime = 331
Jump:  StTime = 445 EdTime = 460
RightMove: StTime = 447 EdTime = 350
RightMove: StTime = 467 EdTime = 351
RightMove: StTime = 469 EdTime = 352
RightMove: StTime = 471 EdTime = 353
RightMove: StTime = 473 EdTime = 354
RightMove: StTime = 475 EdTime = 355
RightMove: StTime = 477 EdTime = 356
Jump:  StTime = 476 EdTime = 491
RightMove: StTime = 479 EdTime = 371
RightMove: StTime = 495 EdTime = 372
RightMove: StTime = 497 EdTime = 373
Jump:  StTime = 494 EdTime = 506
Jump:  StTime = 509 EdTime = 527
Jump:  StTime = 549 EdTime = 563
RightMove: StTime = 499 EdTime = 466
Jump:  StTime = 598 EdTime = 613
RightMove: StTime = 601 EdTime = 500
Jump:  StTime = 634 EdTime = 649
RightMove: StTime = 637 EdTime = 513
Jump:  StTime = 650 EdTime = 665
CollectCoin:  time = 674
CollectCoin:  time = 675
RunState: StTime = 570 EdTime = 677
RightMove: StTime = 653 EdTime = 547
LittleState: StTime = -17 EdTime = 699
Totaltime = 716
Die:  EnemyType = 2
StartTime = -17
RightMove: StTime = -3 EdTime = 574
CollectCoin:  time = 24
CollectCoin:  time = 25
Jump:  StTime = 46 EdTime = 55
CollectCoin:  time = 78
Jump:  StTime = 68 EdTime = 80
RightMove: StTime = 26 EdTime = 644
RunState: StTime = 2 EdTime = 120
LittleState: StTime = -17 EdTime = 120
Totaltime = 137
Die:  EnemyType = 2
StartTime = -17
RunState: StTime = -17 EdTime = 7
RunState: StTime = 29 EdTime = 40
CollectCoin:  time = 42
RightMove: StTime = 8 EdTime = 679
CollectCoin:  time = 44
RightMove: StTime = 44 EdTime = 713
Jump:  StTime = 78 EdTime = 90
CollectCoin:  time = 117
CollectCoin:  time = 118
Jump:  StTime = 107 EdTime = 119
RunState: StTime = 65 EdTime = 151
LittleState: StTime = -17 EdTime = 151
Totaltime = 168
Die:  EnemyType = 2
