StartTime = -17
CollectCoin:  time = 67
RightMove: StTime = 23 EdTime = 53
Jump:  StTime = 79 EdTime = 93
Jump:  StTime = 98 EdTime = 113
Jump:  StTime = 127 EdTime = 142
RunState: StTime = 67 EdTime = 145
LittleState: StTime = -17 EdTime = 145
Totaltime = 162
Die:  EnemyType = 2
StartTime = -17
Jump:  StTime = 37 EdTime = 53
Jump:  StTime = 56 EdTime = 71
Jump:  StTime = 76 EdTime = 90
Jump:  StTime = 93 EdTime = 110
Jump:  StTime = 122 EdTime = 138
RightMove: StTime = -1 EdTime = 194
Jump:  StTime = 140 EdTime = 155
Jump:  StTime = 157 EdTime = 173
RightMove: StTime = 143 EdTime = 226
Jump:  StTime = 175 EdTime = 187
RightMove: StTime = 178 EdTime = 255
CollectCoin:  time = 212
Jump:  StTime = 198 EdTime = 215
CollectCoin:  time = 222
CollectCoin:  time = 222
Jump:  StTime = 222 EdTime = 230
RightMove: StTime = 213 EdTime = 287
StompKill:  EnemyType = 2 time = 251
Jump:  StTime = 243 EdTime = 262
RunState: StTime = 33 EdTime = 263
LittleState: StTime = -17 EdTime = 263
Totaltime = 280
Die:  EnemyType = 2
StartTime = -17
CollectCoin:  time = 40
CollectCoin:  time = 42
RightMove: StTime = 1 EdTime = 334
Jump:  StTime = 50 EdTime = 64
Jump:  StTime = 67 EdTime = 82
Jump:  StTime = 86 EdTime = 102
RunState: StTime = 30 EdTime = 106
LittleState: StTime = -17 EdTime = 106
Totaltime = 123
Die:  EnemyType = 2
