StartTime = -17
Jump:  StTime = 48 EdTime = 60
Jump:  StTime = 93 EdTime = 103
Jump:  StTime = 122 EdTime = 138
CollectCoin:  time = 140
CollectCoin:  time = 141
CollectCoin:  time = 153
Jump:  StTime = 153 EdTime = 168
RightMove: StTime = 23 EdTime = 150
Jump:  StTime = 173 EdTime = 187
CollectCoin:  time = 199
CollectCoin:  time = 199
CollectCoin:  time = 201
Jump:  StTime = 199 EdTime = 213
Jump:  StTime = 221 EdTime = 237
CollectCoin:  time = 250
CollectCoin:  time = 251
Jump:  StTime = 250 EdTime = 264
Jump:  StTime = 270 EdTime = 286
Jump:  StTime = 289 EdTime = 306
RightMove: StTime = 177 EdTime = 281
Jump:  StTime = 309 EdTime = 324
RunState: StTime = 47 EdTime = 331
LittleState: StTime = -17 EdTime = 331
Totaltime = 348
Die:  EnemyType = 2
StartTime = -17
RightMove: StTime = -16 EdTime = 302
Jump:  StTime = 114 EdTime = 126
RightMove: StTime = 119 EdTime = 332
RightMove: StTime = 165 EdTime = 386
Jump:  StTime = 216 EdTime = 230
RightMove: StTime = 220 EdTime = 441
CollectCoin:  time = 275
CollectCoin:  time = 276
Jump:  StTime = 261 EdTime = 278
CollectCoin:  time = 281
CollectCoin:  time = 283
CollectCoin:  time = 286
CollectCoin:  time = 288
Jump:  StTime = 281 EdTime = 289
RightMove: StTime = 277 EdTime = 460
Jump:  StTime = 294 EdTime = 309
CollectCoin:  time = 330
Jump:  StTime = 315 EdTime = 331
CollectCoin:  time = 336
CollectCoin:  time = 336
CollectCoin:  time = 337
Jump:  StTime = 336 EdTime = 350
Jump:  StTime = 370 EdTime = 380
CollectCoin:  time = 387
StompKill:  EnemyType = 2 time = 388
CollectCoin:  time = 389
CollectCoin:  time = 390
RunState: StTime = -17 EdTime = 397
LittleState: StTime = -17 EdTime = 397
Totaltime = 414
Die:  EnemyType = 2
StartTime = -17
RightMove: StTime = -16 EdTime = 481
Jump:  StTime = 29 EdTime = 41
RightMove: StTime = 34 EdTime = 516
Jump:  StTime = 88 EdTime = 105
RightMove: StTime = 108 EdTime = 522
Jump:  StTime = 147 EdTime = 159
RunState: StTime = -17 EdTime = 183
LittleState: StTime = -17 EdTime = 183
Totaltime = 200
Die:  EnemyType = 2
StartTime = 265
RunState: StTime = -17 EdTime = 265
LittleState: StTime = 265 EdTime = 265
Totaltime = 0
Die:  EnemyType = 2
StartTime = 265
RunState: StTime = -17 EdTime = 265
LittleState: StTime = 265 EdTime = 265
Totaltime = 0
Die:  EnemyType = 2
StartTime = 265
RunState: StTime = -17 EdTime = 265
LittleState: StTime = 265 EdTime = 265
Totaltime = 0
Die:  EnemyType = 2
