StartTime = -17
RightMove: StTime = 22 EdTime = 11
LeftMove: StTime = 34 EdTime = 16
RunState: StTime = 111 EdTime = 114
Jump:  StTime = 118 EdTime = 130
Jump:  StTime = 153 EdTime = 169
CollectCoin:  time = 219
CollectCoin:  time = 221
Jump:  StTime = 219 EdTime = 227
CollectCoin:  time = 230
Jump:  StTime = 230 EdTime = 238
RightMove: StTime = 170 EdTime = 80
BlockCoinDestroy:  time = 248
Jump:  StTime = 246 EdTime = 254
LeftMove: StTime = 245 EdTime = 25
RightMove: StTime = 259 EdTime = 105
Jump:  StTime = 287 EdTime = 297
CollectCoin:  time = 307
CollectCoin:  time = 307
BlockCoinDestroy:  time = 309
CollectCoin:  time = 310
Jump:  StTime = 307 EdTime = 315
CollectCoin:  time = 319
BlockCoinDestroy:  time = 321
Jump:  StTime = 319 EdTime = 327
RightMove: StTime = 291 EdTime = 142
CollectCoin:  time = 337
CollectCoin:  time = 337
Jump:  StTime = 337 EdTime = 349
CollectCoin:  time = 354
CollectCoin:  time = 357
Jump:  StTime = 354 EdTime = 362
CollectCoin:  time = 370
CollectCoin:  time = 372
BlockCoinDestroy:  time = 372
RightMove: StTime = 331 EdTime = 188
Jump:  StTime = 370 EdTime = 378
CollectCoin:  time = 386
Jump:  StTime = 384 EdTime = 392
CollectCoin:  time = 398
BlockCoinDestroy:  time = 398
Jump:  StTime = 396 EdTime = 404
BlockCoinDestroy:  time = 440
Jump:  StTime = 438 EdTime = 446
CollectCoin:  time = 449
Jump:  StTime = 449 EdTime = 457
RightMove: StTime = 382 EdTime = 267
CollectCoin:  time = 465
Jump:  StTime = 461 EdTime = 469
CollectCoin:  time = 472
Jump:  StTime = 472 EdTime = 483
Jump:  StTime = 487 EdTime = 500
RunState: StTime = 273 EdTime = 515
RightMove: StTime = 465 EdTime = 320
Jump:  StTime = 505 EdTime = 521
Jump:  StTime = 532 EdTime = 540
CollectCoin:  time = 542
BlockCoinDestroy:  time = 544
Jump:  StTime = 542 EdTime = 550
RightMove: StTime = 530 EdTime = 341
CollectCoin:  time = 555
BlockCoinDestroy:  time = 555
Jump:  StTime = 553 EdTime = 561
CollectCoin:  time = 565
BlockPowerDestroy:  time = 566
RightMove: StTime = 552 EdTime = 359
Jump:  StTime = 564 EdTime = 572
CollectCoin:  time = 578
CollectCoin:  time = 579
CollectCoin:  time = 588
Jump:  StTime = 578 EdTime = 590
RightMove: StTime = 572 EdTime = 383
LittleState: StTime = -17 EdTime = 598
Jump:  StTime = 639 EdTime = 651
RightMove: StTime = 618 EdTime = 426
CollectCoin:  time = 670
CollectCoin:  time = 672
BlockPowerDestroy:  time = 673
CollectCoin:  time = 674
StompKill:  EnemyType = 2 time = 676
Jump:  StTime = 672 EdTime = 687
LeftMove: StTime = 662 EdTime = 55
Jump:  StTime = 700 EdTime = 710
LargeState: StTime = 598 EdTime = 711
Jump:  StTime = 756 EdTime = 768
CollectCoin:  time = 774
CollectCoin:  time = 775
CollectCoin:  time = 777
CollectCoin:  time = 778
CollectCoin:  time = 780
CollectCoin:  time = 781
CollectCoin:  time = 783
Jump:  StTime = 787 EdTime = 801
RightMove: StTime = 693 EdTime = 536
Jump:  StTime = 803 EdTime = 812
Jump:  StTime = 814 EdTime = 829
CollectCoin:  time = 829
StompKill:  EnemyType = 2 time = 830
CollectCoin:  time = 831
CollectCoin:  time = 832
CollectCoin:  time = 840
CollectCoin:  time = 841
CollectCoin:  time = 843
CollectCoin:  time = 844
CollectCoin:  time = 846
CollectCoin:  time = 847
CollectCoin:  time = 849
RightMove: StTime = 807 EdTime = 583
Jump:  StTime = 852 EdTime = 864
CollectCoin:  time = 871
CollectCoin:  time = 873
CollectCoin:  time = 875
RightMove: StTime = 857 EdTime = 608
Jump:  StTime = 875 EdTime = 891
Jump:  StTime = 892 EdTime = 904
CollectCoin:  time = 929
CollectCoin:  time = 930
CollectCoin:  time = 931
Jump:  StTime = 921 EdTime = 933
CollectCoin:  time = 933
CollectCoin:  time = 934
CollectCoin:  time = 936
CollectCoin:  time = 940
CollectCoin:  time = 942
CollectCoin:  time = 943
CollectCoin:  time = 945
CollectCoin:  time = 946
CollectCoin:  time = 948
CollectCoin:  time = 949
Jump:  StTime = 952 EdTime = 964
CollectCoin:  time = 968
CollectCoin:  time = 970
CollectCoin:  time = 971
CollectCoin:  time = 973
CollectCoin:  time = 974
CollectCoin:  time = 980
CollectCoin:  time = 981
CollectCoin:  time = 983
CollectCoin:  time = 984
Jump:  StTime = 976 EdTime = 985
CollectCoin:  time = 986
CollectCoin:  time = 987
CollectCoin:  time = 993
CollectCoin:  time = 995
CollectCoin:  time = 996
CollectCoin:  time = 998
CollectCoin:  time = 999
CollectCoin:  time = 1000
CollectCoin:  time = 1002
CollectCoin:  time = 1003
FireState: StTime = 711 EdTime = 1003
CollectCoin:  time = 1023
RightMove: StTime = 897 EdTime = 738
Jump:  StTime = 1028 EdTime = 1039
Jump:  StTime = 1043 EdTime = 1049
Totaltime = 1066
RightMove: StTime = 1031 EdTime = 756
RunState: StTime = 517 EdTime = 1049
LargeState: StTime = 1003 EdTime = 1049
