StartTime = -17
Jump:  StTime = 38 EdTime = 54
RightMove: StTime = 5 EdTime = 65
CollectCoin:  time = 73
Jump:  StTime = 59 EdTime = 75
Jump:  StTime = 86 EdTime = 98
CollectCoin:  time = 115
CollectCoin:  time = 116
CollectCoin:  time = 117
Jump:  StTime = 115 EdTime = 123
RightMove: StTime = 74 EdTime = 117
Jump:  StTime = 128 EdTime = 140
RightMove: StTime = 133 EdTime = 129
Jump:  StTime = 147 EdTime = 157
Jump:  StTime = 164 EdTime = 179
RightMove: StTime = 152 EdTime = 160
Jump:  StTime = 181 EdTime = 190
CollectCoin:  time = 219
CollectCoin:  time = 221
Jump:  StTime = 205 EdTime = 222
RightMove: StTime = 185 EdTime = 206
Jump:  StTime = 231 EdTime = 243
RunState: StTime = 34 EdTime = 246
LittleState: StTime = -17 EdTime = 246
Totaltime = 263
Die:  EnemyType = 2
StartTime = -17
Jump:  StTime = 27 EdTime = 43
RightMove: StTime = -4 EdTime = 268
CollectCoin:  time = 61
Jump:  StTime = 47 EdTime = 63
Jump:  StTime = 72 EdTime = 84
CollectCoin:  time = 102
CollectCoin:  time = 102
CollectCoin:  time = 104
CollectCoin:  time = 105
Jump:  StTime = 102 EdTime = 110
RightMove: StTime = 62 EdTime = 320
Jump:  StTime = 115 EdTime = 125
RightMove: StTime = 120 EdTime = 332
Jump:  StTime = 141 EdTime = 153
RightMove: StTime = 146 EdTime = 352
Jump:  StTime = 165 EdTime = 177
RightMove: StTime = 169 EdTime = 369
Jump:  StTime = 192 EdTime = 201
Jump:  StTime = 215 EdTime = 228
RunState: StTime = 20 EdTime = 230
LittleState: StTime = -17 EdTime = 230
Totaltime = 247
Die:  EnemyType = 2
StartTime = -17
RightMove: StTime = -5 EdTime = 418
Jump:  StTime = 47 EdTime = 60
RightMove: StTime = 50 EdTime = 441
CollectCoin:  time = 74
Jump:  StTime = 65 EdTime = 77
Jump:  StTime = 87 EdTime = 99
CollectCoin:  time = 113
CollectCoin:  time = 114
CollectCoin:  time = 115
BlockCoinDestroy:  time = 115
CollectCoin:  time = 117
CollectCoin:  time = 118
Jump:  StTime = 113 EdTime = 121
RightMove: StTime = 75 EdTime = 493
Jump:  StTime = 126 EdTime = 132
RightMove: StTime = 132 EdTime = 505
LeftMove: StTime = 151 EdTime = 10
RightMove: StTime = 162 EdTime = 513
RunState: StTime = 26 EdTime = 178
RightMove: StTime = 179 EdTime = 514
Jump:  StTime = 183 EdTime = 195
RunState: StTime = 184 EdTime = 199
Jump:  StTime = 209 EdTime = 223
RightMove: StTime = 188 EdTime = 551
Jump:  StTime = 224 EdTime = 234
CollectCoin:  time = 262
CollectCoin:  time = 264
Jump:  StTime = 248 EdTime = 265
RightMove: StTime = 228 EdTime = 597
RunState: StTime = 209 EdTime = 281
Jump:  StTime = 274 EdTime = 287
CollectCoin:  time = 294
StompKill:  EnemyType = 2 time = 295
CollectCoin:  time = 297
CollectCoin:  time = 299
RunState: StTime = 289 EdTime = 301
CollectCoin:  time = 301
CollectCoin:  time = 303
Jump:  StTime = 289 EdTime = 304
CollectCoin:  time = 310
Jump:  StTime = 310 EdTime = 322
Jump:  StTime = 324 EdTime = 336
Jump:  StTime = 337 EdTime = 353
RightMove: StTime = 277 EdTime = 674
LeftMove: StTime = 356 EdTime = 20
Jump:  StTime = 371 EdTime = 389
RightMove: StTime = 367 EdTime = 697
CollectCoin:  time = 403
Jump:  StTime = 394 EdTime = 405
Jump:  StTime = 417 EdTime = 434
Jump:  StTime = 439 EdTime = 448
RightMove: StTime = 397 EdTime = 750
CollectCoin:  time = 461
CollectCoin:  time = 462
CollectCoin:  time = 463
CollectCoin:  time = 465
Jump:  StTime = 461 EdTime = 470
RightMove: StTime = 451 EdTime = 776
Jump:  StTime = 474 EdTime = 486
Jump:  StTime = 489 EdTime = 505
Jump:  StTime = 508 EdTime = 526
CollectCoin:  time = 529
CollectCoin:  time = 538
CollectCoin:  time = 538
Jump:  StTime = 529 EdTime = 543
CollectCoin:  time = 545
CollectCoin:  time = 546
CollectCoin:  time = 547
Jump:  StTime = 552 EdTime = 562
Totaltime = 598
RightMove: StTime = 479 EdTime = 878
RunState: StTime = 309 EdTime = 581
LittleState: StTime = -17 EdTime = 581
