StartTime = -17
RunState: StTime = 19 EdTime = 29
CollectCoin:  time = 34
Jump:  StTime = 20 EdTime = 36
Jump:  StTime = 52 EdTime = 64
Jump:  StTime = 69 EdTime = 86
RightMove: StTime = -3 EdTime = 97
CollectCoin:  time = 105
CollectCoin:  time = 107
Jump:  StTime = 98 EdTime = 110
Jump:  StTime = 134 EdTime = 145
RightMove: StTime = 101 EdTime = 156
Jump:  StTime = 161 EdTime = 172
CollectCoin:  time = 185
CollectCoin:  time = 186
CollectCoin:  time = 188
Jump:  StTime = 177 EdTime = 189
RunState: StTime = 39 EdTime = 190
LittleState: StTime = -17 EdTime = 190
Totaltime = 207
Die:  EnemyType = 2
StartTime = -17
LittleState: StTime = -17 EdTime = 50
Totaltime = 67
Die:  EnemyType = 2
StartTime = -17
LittleState: StTime = -17 EdTime = 30
Totaltime = 47
Die:  EnemyType = 2
