StartTime = -17
RunState: StTime = 18 EdTime = 34
Jump:  StTime = 20 EdTime = 34
CollectCoin:  time = 60
Jump:  StTime = 45 EdTime = 61
RightMove: StTime = -7 EdTime = 102
Jump:  StTime = 78 EdTime = 96
RunState: StTime = 39 EdTime = 107
LeftMove: StTime = 109 EdTime = 23
LittleState: StTime = -17 EdTime = 140
Totaltime = 157
Die:  EnemyType = 2
StartTime = -17
Jump:  StTime = 26 EdTime = 40
Jump:  StTime = 46 EdTime = 64
RightMove: StTime = 2 EdTime = 165
CollectCoin:  time = 76
CollectCoin:  time = 77
CollectCoin:  time = 80
Jump:  StTime = 67 EdTime = 81
Jump:  StTime = 91 EdTime = 105
CollectCoin:  time = 117
BlockCoinDestroy:  time = 117
CollectCoin:  time = 119
CollectCoin:  time = 120
CollectCoin:  time = 122
Jump:  StTime = 115 EdTime = 123
RightMove: StTime = 71 EdTime = 223
RunState: StTime = 25 EdTime = 138
RightMove: StTime = 147 EdTime = 233
RunState: StTime = 142 EdTime = 159
RightMove: StTime = 160 EdTime = 234
Jump:  StTime = 144 EdTime = 162
RunState: StTime = 166 EdTime = 172
LittleState: StTime = -17 EdTime = 175
Totaltime = 192
Jump:  StTime = 166 EdTime = 175
Die:  EnemyType = FlowerEnemy 
StartTime = -17
Jump:  StTime = 26 EdTime = 40
Jump:  StTime = 49 EdTime = 65
CollectCoin:  time = 70
CollectCoin:  time = 70
CollectCoin:  time = 72
CollectCoin:  time = 73
Jump:  StTime = 70 EdTime = 78
RightMove: StTime = 0 EdTime = 334
RunState: StTime = 27 EdTime = 105
StompKill:  EnemyType = 2 time = 107
Jump:  StTime = 99 EdTime = 116
RunState: StTime = 147 EdTime = 157
RightMove: StTime = 103 EdTime = 389
Jump:  StTime = 147 EdTime = 162
RightMove: StTime = 168 EdTime = 390
RunState: StTime = 168 EdTime = 172
Jump:  StTime = 168 EdTime = 176
LittleState: StTime = -17 EdTime = 178
Totaltime = 195
Die:  EnemyType = FlowerEnemy 
