StartTime = -17
CollectCoin:  time = 416
Jump:  StTime = 402 EdTime = 418
RightMove: StTime = 364 EdTime = 75
Jump:  StTime = 433 EdTime = 446
CollectCoin:  time = 458
Jump:  StTime = 458 EdTime = 473
Jump:  StTime = 474 EdTime = 493
RightMove: StTime = 443 EdTime = 125
Jump:  StTime = 496 EdTime = 508
Jump:  StTime = 516 EdTime = 528
RightMove: StTime = 500 EdTime = 156
Jump:  StTime = 540 EdTime = 552
Jump:  StTime = 568 EdTime = 584
RightMove: StTime = 545 EdTime = 221
CollectCoin:  time = 611
Jump:  StTime = 599 EdTime = 614
Jump:  StTime = 629 EdTime = 643
StompKill:  EnemyType = 2 time = 668
Jump:  StTime = 658 EdTime = 678
Jump:  StTime = 699 EdTime = 718
RightMove: StTime = 612 EdTime = 327
Jump:  StTime = 722 EdTime = 735
RightMove: StTime = 725 EdTime = 346
Jump:  StTime = 741 EdTime = 751
Jump:  StTime = 763 EdTime = 780
RightMove: StTime = 746 EdTime = 387
Jump:  StTime = 784 EdTime = 792
CollectCoin:  time = 798
RightMove: StTime = 789 EdTime = 399
CollectCoin:  time = 806
Jump:  StTime = 797 EdTime = 810
CollectCoin:  time = 827
CollectCoin:  time = 828
CollectCoin:  time = 829
BlockCoinDestroy:  time = 829
CollectCoin:  time = 831
CollectCoin:  time = 832
CollectCoin:  time = 834
Jump:  StTime = 827 EdTime = 835
RightMove: StTime = 807 EdTime = 452
Jump:  StTime = 859 EdTime = 871
Jump:  StTime = 875 EdTime = 881
Totaltime = 898
RightMove: StTime = 863 EdTime = 470
RunState: StTime = 388 EdTime = 881
LittleState: StTime = -17 EdTime = 881
