StartTime = -17
Jump:  StTime = 24 EdTime = 36
RightMove: StTime = 2 EdTime = 40
Jump:  StTime = 41 EdTime = 52
Jump:  StTime = 65 EdTime = 81
RightMove: StTime = 44 EdTime = 80
Jump:  StTime = 84 EdTime = 96
CollectCoin:  time = 129
CollectCoin:  time = 129
CollectCoin:  time = 131
Jump:  StTime = 114 EdTime = 132
Jump:  StTime = 153 EdTime = 168
CollectCoin:  time = 204
Jump:  StTime = 190 EdTime = 207
CollectCoin:  time = 218
CollectCoin:  time = 219
CollectCoin:  time = 229
CollectCoin:  time = 229
CollectCoin:  time = 231
Jump:  StTime = 218 EdTime = 233
RightMove: StTime = 89 EdTime = 227
CollectCoin:  time = 247
CollectCoin:  time = 248
CollectCoin:  time = 250
Jump:  StTime = 236 EdTime = 251
RightMove: StTime = 239 EdTime = 244
Jump:  StTime = 254 EdTime = 265
CollectCoin:  time = 276
RightMove: StTime = 257 EdTime = 269
Jump:  StTime = 276 EdTime = 285
Jump:  StTime = 291 EdTime = 305
Jump:  StTime = 323 EdTime = 335
RightMove: StTime = 295 EdTime = 318
Jump:  StTime = 345 EdTime = 358
Jump:  StTime = 364 EdTime = 372
CollectCoin:  time = 388
CollectCoin:  time = 390
Jump:  StTime = 376 EdTime = 391
Jump:  StTime = 395 EdTime = 404
CollectCoin:  time = 410
CollectCoin:  time = 413
RightMove: StTime = 348 EdTime = 389
Jump:  StTime = 413 EdTime = 426
Jump:  StTime = 427 EdTime = 436
RightMove: StTime = 431 EdTime = 401
Jump:  StTime = 451 EdTime = 467
CollectCoin:  time = 471
StompKill:  EnemyType = 2 time = 472
CollectCoin:  time = 473
RightMove: StTime = 455 EdTime = 447
Jump:  StTime = 498 EdTime = 504
Jump:  StTime = 517 EdTime = 533
Totaltime = 550
RightMove: StTime = 504 EdTime = 476
RunState: StTime = 17 EdTime = 533
LittleState: StTime = -17 EdTime = 533
