StartTime = -17
CollectCoin:  time = 32
CollectCoin:  time = 34
Jump:  StTime = 26 EdTime = 36
CollectCoin:  time = 54
RightMove: StTime = 1 EdTime = 65
Jump:  StTime = 54 EdTime = 68
RightMove: StTime = 67 EdTime = 90
Jump:  StTime = 87 EdTime = 96
RightMove: StTime = 95 EdTime = 113
RunState: StTime = 24 EdTime = 123
Jump:  StTime = 116 EdTime = 125
LittleState: StTime = -17 EdTime = 127
Totaltime = 144
Die:  EnemyType = 2
StartTime = -17
CollectCoin:  time = 23
CollectCoin:  time = 25
Jump:  StTime = 15 EdTime = 27
CollectCoin:  time = 42
CollectCoin:  time = 42
CollectCoin:  time = 43
RightMove: StTime = -6 EdTime = 175
Jump:  StTime = 42 EdTime = 59
RightMove: StTime = 58 EdTime = 200
Jump:  StTime = 77 EdTime = 93
StompKill:  EnemyType = 2 time = 117
RunState: StTime = 12 EdTime = 119
Jump:  StTime = 106 EdTime = 128
CollectCoin:  time = 140
CollectCoin:  time = 140
CollectCoin:  time = 142
CollectCoin:  time = 144
CollectCoin:  time = 146
Jump:  StTime = 140 EdTime = 148
RunState: StTime = 137 EdTime = 149
RightMove: StTime = 91 EdTime = 264
Jump:  StTime = 155 EdTime = 168
Jump:  StTime = 175 EdTime = 186
RightMove: StTime = 158 EdTime = 310
Jump:  StTime = 198 EdTime = 207
Jump:  StTime = 213 EdTime = 225
Jump:  StTime = 229 EdTime = 241
Jump:  StTime = 243 EdTime = 262
RightMove: StTime = 217 EdTime = 359
Jump:  StTime = 265 EdTime = 277
RightMove: StTime = 268 EdTime = 374
CollectCoin:  time = 297
Jump:  StTime = 289 EdTime = 299
CollectCoin:  time = 317
CollectCoin:  time = 318
CollectCoin:  time = 320
Jump:  StTime = 311 EdTime = 322
CollectCoin:  time = 327
RightMove: StTime = 293 EdTime = 412
Jump:  StTime = 327 EdTime = 333
RightMove: StTime = 333 EdTime = 440
CollectCoin:  time = 361
CollectCoin:  time = 362
Jump:  StTime = 344 EdTime = 364
Jump:  StTime = 380 EdTime = 390
Jump:  StTime = 397 EdTime = 415
RightMove: StTime = 363 EdTime = 505
Jump:  StTime = 422 EdTime = 432
Jump:  StTime = 445 EdTime = 455
CollectCoin:  time = 469
CollectCoin:  time = 469
RightMove: StTime = 430 EdTime = 557
CollectCoin:  time = 484
Jump:  StTime = 469 EdTime = 486
RightMove: StTime = 485 EdTime = 572
Jump:  StTime = 497 EdTime = 507
RightMove: StTime = 501 EdTime = 582
Jump:  StTime = 510 EdTime = 520
Jump:  StTime = 534 EdTime = 547
Totaltime = 564
RightMove: StTime = 514 EdTime = 615
RunState: StTime = 152 EdTime = 547
LittleState: StTime = -17 EdTime = 547
