StartTime = -17
Jump:  StTime = 37 EdTime = 53
Jump:  StTime = 55 EdTime = 71
RightMove: StTime = 7 EdTime = 67
Jump:  StTime = 74 EdTime = 86
RightMove: StTime = 79 EdTime = 80
Jump:  StTime = 101 EdTime = 117
RightMove: StTime = 105 EdTime = 103
Jump:  StTime = 127 EdTime = 136
Jump:  StTime = 145 EdTime = 155
Jump:  StTime = 161 EdTime = 178
RightMove: StTime = 131 EdTime = 156
CollectCoin:  time = 198
Jump:  StTime = 189 EdTime = 201
Jump:  StTime = 213 EdTime = 230
RunState: StTime = 29 EdTime = 230
LittleState: StTime = -17 EdTime = 230
Totaltime = 247
Die:  EnemyType = 2
StartTime = -17
Jump:  StTime = 16 EdTime = 32
RightMove: StTime = -16 EdTime = 205
RightMove: StTime = 35 EdTime = 236
Jump:  StTime = 51 EdTime = 67
Jump:  StTime = 71 EdTime = 87
RightMove: StTime = 75 EdTime = 259
Jump:  StTime = 95 EdTime = 105
Jump:  StTime = 114 EdTime = 122
Jump:  StTime = 129 EdTime = 143
Jump:  StTime = 146 EdTime = 160
RightMove: StTime = 99 EdTime = 343
Jump:  StTime = 165 EdTime = 185
RunState: StTime = 3 EdTime = 185
LittleState: StTime = -17 EdTime = 185
Totaltime = 202
Die:  EnemyType = 2
StartTime = -17
CollectCoin:  time = 31
CollectCoin:  time = 32
CollectCoin:  time = 34
RightMove: StTime = -2 EdTime = 384
Jump:  StTime = 41 EdTime = 53
RightMove: StTime = 46 EdTime = 396
Jump:  StTime = 77 EdTime = 91
CollectCoin:  time = 97
RightMove: StTime = 60 EdTime = 443
Jump:  StTime = 112 EdTime = 126
Jump:  StTime = 131 EdTime = 139
Jump:  StTime = 146 EdTime = 160
Jump:  StTime = 163 EdTime = 178
Jump:  StTime = 194 EdTime = 205
Jump:  StTime = 209 EdTime = 223
RightMove: StTime = 116 EdTime = 565
Jump:  StTime = 244 EdTime = 256
CollectCoin:  time = 269
CollectCoin:  time = 270
CollectCoin:  time = 272
Jump:  StTime = 260 EdTime = 273
Jump:  StTime = 283 EdTime = 296
Jump:  StTime = 301 EdTime = 320
CollectCoin:  time = 325
CollectCoin:  time = 327
Jump:  StTime = 325 EdTime = 339
Jump:  StTime = 350 EdTime = 358
RightMove: StTime = 248 EdTime = 691
Jump:  StTime = 377 EdTime = 389
RightMove: StTime = 380 EdTime = 726
Jump:  StTime = 405 EdTime = 417
Jump:  StTime = 420 EdTime = 430
RightMove: StTime = 424 EdTime = 748
Jump:  StTime = 451 EdTime = 463
Jump:  StTime = 464 EdTime = 479
Jump:  StTime = 495 EdTime = 501
Totaltime = 518
RightMove: StTime = 454 EdTime = 795
RunState: StTime = 13 EdTime = 501
LittleState: StTime = -17 EdTime = 501
