StartTime = -17
RightMove: StTime = -5 EdTime = 41
Jump:  StTime = 47 EdTime = 59
RightMove: StTime = 52 EdTime = 51
LeftMove: StTime = 65 EdTime = 10
RightMove: StTime = 76 EdTime = 58
Jump:  StTime = 94 EdTime = 104
RightMove: StTime = 99 EdTime = 84
Jump:  StTime = 124 EdTime = 135
RightMove: StTime = 127 EdTime = 107
Jump:  StTime = 156 EdTime = 164
RightMove: StTime = 161 EdTime = 129
RightMove: StTime = 184 EdTime = 142
Jump:  StTime = 181 EdTime = 201
Jump:  StTime = 203 EdTime = 215
RightMove: StTime = 208 EdTime = 155
Jump:  StTime = 228 EdTime = 244
RightMove: StTime = 232 EdTime = 178
Jump:  StTime = 263 EdTime = 270
RunState: StTime = 27 EdTime = 276
RightMove: StTime = 267 EdTime = 197
RunState: StTime = 285 EdTime = 295
LittleState: StTime = -17 EdTime = 297
Totaltime = 314
Jump:  StTime = 288 EdTime = 297
Die:  EnemyType = FlowerEnemy 
StartTime = -17
Jump:  StTime = 31 EdTime = 46
Jump:  StTime = 57 EdTime = 67
RightMove: StTime = 0 EdTime = 273
Jump:  StTime = 81 EdTime = 89
Jump:  StTime = 105 EdTime = 123
RightMove: StTime = 86 EdTime = 310
Jump:  StTime = 128 EdTime = 137
RunState: StTime = 20 EdTime = 155
LittleState: StTime = -17 EdTime = 155
Totaltime = 172
Jump:  StTime = 149 EdTime = 155
Die:  EnemyType = FlowerEnemy 
StartTime = -17
Jump:  StTime = 29 EdTime = 43
CollectCoin:  time = 49
CollectCoin:  time = 50
CollectCoin:  time = 52
CollectCoin:  time = 53
Jump:  StTime = 49 EdTime = 57
RightMove: StTime = -6 EdTime = 376
Jump:  StTime = 64 EdTime = 75
RightMove: StTime = 67 EdTime = 401
Jump:  StTime = 84 EdTime = 96
Jump:  StTime = 111 EdTime = 129
RightMove: StTime = 94 EdTime = 436
Jump:  StTime = 132 EdTime = 144
RunState: StTime = 26 EdTime = 160
Jump:  StTime = 152 EdTime = 163
RightMove: StTime = 136 EdTime = 473
RunState: StTime = 174 EdTime = 180
Jump:  StTime = 176 EdTime = 183
LittleState: StTime = -17 EdTime = 187
Totaltime = 204
Die:  EnemyType = FlowerEnemy 
