StartTime = -17
Jump:  StTime = 45 EdTime = 60
RightMove: StTime = 17 EdTime = 47
CollectCoin:  time = 81
CollectCoin:  time = 82
CollectCoin:  time = 85
Jump:  StTime = 72 EdTime = 86
CollectCoin:  time = 108
Jump:  StTime = 108 EdTime = 125
RightMove: StTime = 76 EdTime = 96
CollectCoin:  time = 136
CollectCoin:  time = 138
Jump:  StTime = 129 EdTime = 141
RightMove: StTime = 132 EdTime = 119
RightMove: StTime = 156 EdTime = 129
Jump:  StTime = 153 EdTime = 167
Jump:  StTime = 176 EdTime = 186
CollectCoin:  time = 201
CollectCoin:  time = 202
CollectCoin:  time = 204
CollectCoin:  time = 205
Jump:  StTime = 196 EdTime = 207
CollectCoin:  time = 219
CollectCoin:  time = 219
CollectCoin:  time = 220
CollectCoin:  time = 222
Jump:  StTime = 211 EdTime = 223
CollectCoin:  time = 226
Jump:  StTime = 226 EdTime = 235
Jump:  StTime = 238 EdTime = 247
RightMove: StTime = 180 EdTime = 213
Jump:  StTime = 252 EdTime = 268
RightMove: StTime = 266 EdTime = 253
Jump:  StTime = 291 EdTime = 309
CollectCoin:  time = 334
Jump:  StTime = 323 EdTime = 338
RightMove: StTime = 308 EdTime = 291
CollectCoin:  time = 362
Jump:  StTime = 351 EdTime = 363
RightMove: StTime = 356 EdTime = 322
Jump:  StTime = 370 EdTime = 388
Jump:  StTime = 390 EdTime = 400
CollectCoin:  time = 419
RightMove: StTime = 394 EdTime = 348
CollectCoin:  time = 420
Jump:  StTime = 410 EdTime = 423
Jump:  StTime = 437 EdTime = 451
Jump:  StTime = 458 EdTime = 470
CollectCoin:  time = 484
CollectCoin:  time = 485
CollectCoin:  time = 486
Jump:  StTime = 484 EdTime = 494
RightMove: StTime = 421 EdTime = 425
Jump:  StTime = 497 EdTime = 509
RightMove: StTime = 502 EdTime = 438
Jump:  StTime = 519 EdTime = 530
Jump:  StTime = 532 EdTime = 547
RightMove: StTime = 524 EdTime = 473
Jump:  StTime = 559 EdTime = 570
Jump:  StTime = 573 EdTime = 580
Totaltime = 597
RightMove: StTime = 562 EdTime = 491
RunState: StTime = 35 EdTime = 580
LittleState: StTime = -17 EdTime = 580
