StartTime = -17
RightMove: StTime = -5 EdTime = 45
Jump:  StTime = 25 EdTime = 42
Jump:  StTime = 57 EdTime = 67
Jump:  StTime = 87 EdTime = 101
RightMove: StTime = 41 EdTime = 111
Jump:  StTime = 126 EdTime = 138
RightMove: StTime = 108 EdTime = 143
Jump:  StTime = 142 EdTime = 154
RightMove: StTime = 147 EdTime = 158
Jump:  StTime = 164 EdTime = 181
RightMove: StTime = 168 EdTime = 173
RunState: StTime = 21 EdTime = 199
Jump:  StTime = 187 EdTime = 203
RightMove: StTime = 191 EdTime = 188
Jump:  StTime = 269 EdTime = 281
RightMove: StTime = 274 EdTime = 205
RightMove: StTime = 294 EdTime = 212
Jump:  StTime = 291 EdTime = 307
Jump:  StTime = 328 EdTime = 345
Jump:  StTime = 356 EdTime = 374
RightMove: StTime = 305 EdTime = 305
Jump:  StTime = 391 EdTime = 408
RightMove: StTime = 406 EdTime = 320
Jump:  StTime = 420 EdTime = 430
RightMove: StTime = 424 EdTime = 327
Jump:  StTime = 434 EdTime = 450
RightMove: StTime = 438 EdTime = 342
Jump:  StTime = 453 EdTime = 465
CollectCoin:  time = 471
CollectCoin:  time = 473
RightMove: StTime = 457 EdTime = 370
Jump:  StTime = 486 EdTime = 500
CollectCoin:  time = 511
RightMove: StTime = 490 EdTime = 393
Jump:  StTime = 509 EdTime = 519
RightMove: StTime = 517 EdTime = 416
Jump:  StTime = 546 EdTime = 562
Jump:  StTime = 565 EdTime = 582
Jump:  StTime = 591 EdTime = 601
RightMove: StTime = 550 EdTime = 478
RightMove: StTime = 613 EdTime = 491
Jump:  StTime = 627 EdTime = 639
Jump:  StTime = 652 EdTime = 664
Totaltime = 681
RightMove: StTime = 632 EdTime = 523
RunState: StTime = 269 EdTime = 664
LittleState: StTime = -17 EdTime = 664
