StartTime = -17
Jump:  StTime = 18 EdTime = 30
Jump:  StTime = 31 EdTime = 45
RunState: StTime = 9 EdTime = 46
LittleState: StTime = -17 EdTime = 46
Totaltime = 63
Die:  EnemyType = 2
StartTime = -17
Jump:  StTime = 16 EdTime = 25
Jump:  StTime = 32 EdTime = 45
RunState: StTime = 4 EdTime = 45
LittleState: StTime = -17 EdTime = 45
Totaltime = 62
Die:  EnemyType = 2
StartTime = -17
RightMove: StTime = -2 EdTime = 30
Jump:  StTime = 24 EdTime = 35
Jump:  StTime = 36 EdTime = 48
RunState: StTime = 8 EdTime = 55
LittleState: StTime = -17 EdTime = 55
Totaltime = 72
Die:  EnemyType = 2
