StartTime = -17
RightMove: StTime = 31 EdTime = 33
RightMove: StTime = 65 EdTime = 34
RightMove: StTime = 67 EdTime = 35
Jump:  StTime = 56 EdTime = 72
RightMove: StTime = 69 EdTime = 86
CollectCoin:  time = 129
CollectCoin:  time = 131
Jump:  StTime = 122 EdTime = 134
RunState: StTime = 106 EdTime = 134
LittleState: StTime = -17 EdTime = 134
Totaltime = 151
Die:  EnemyType = 2
StartTime = -17
CollectCoin:  time = 27
CollectCoin:  time = 29
Jump:  StTime = 20 EdTime = 31
RightMove: StTime = -4 EdTime = 141
RunState: StTime = 15 EdTime = 60
CollectCoin:  time = 60
Jump:  StTime = 53 EdTime = 62
LittleState: StTime = -17 EdTime = 69
Totaltime = 86
Die:  EnemyType = 2
StartTime = -17
Jump:  StTime = 16 EdTime = 23
RightMove: StTime = -6 EdTime = 199
CollectCoin:  time = 57
Jump:  StTime = 50 EdTime = 59
RunState: StTime = 18 EdTime = 63
LittleState: StTime = -17 EdTime = 63
Totaltime = 80
Die:  EnemyType = 2
