StartTime = -17
RightMove: StTime = 33 EdTime = 42
Jump:  StTime = 71 EdTime = 83
RightMove: StTime = 76 EdTime = 64
RunState: StTime = 68 EdTime = 109
RightMove: StTime = 110 EdTime = 65
RightMove: StTime = 112 EdTime = 66
RightMove: StTime = 114 EdTime = 67
RightMove: StTime = 116 EdTime = 68
RightMove: StTime = 118 EdTime = 69
RightMove: StTime = 120 EdTime = 70
RightMove: StTime = 122 EdTime = 71
RightMove: StTime = 124 EdTime = 72
RunState: StTime = 125 EdTime = 133
RightMove: StTime = 134 EdTime = 73
RightMove: StTime = 136 EdTime = 74
RightMove: StTime = 138 EdTime = 75
RightMove: StTime = 140 EdTime = 76
RightMove: StTime = 142 EdTime = 77
RunState: StTime = 171 EdTime = 189
Jump:  StTime = 213 EdTime = 229
RightMove: StTime = 247 EdTime = 78
RightMove: StTime = 249 EdTime = 79
RightMove: StTime = 251 EdTime = 80
RightMove: StTime = 253 EdTime = 81
RightMove: StTime = 255 EdTime = 82
Jump:  StTime = 254 EdTime = 268
RightMove: StTime = 257 EdTime = 97
RightMove: StTime = 273 EdTime = 98
RightMove: StTime = 275 EdTime = 99
RightMove: StTime = 277 EdTime = 100
RightMove: StTime = 279 EdTime = 101
RightMove: StTime = 281 EdTime = 102
RightMove: StTime = 283 EdTime = 103
Jump:  StTime = 281 EdTime = 293
RightMove: StTime = 285 EdTime = 172
RightMove: StTime = 355 EdTime = 173
LeftMove: StTime = 362 EdTime = 27
Jump:  StTime = 405 EdTime = 419
RightMove: StTime = 390 EdTime = 213
RightMove: StTime = 431 EdTime = 214
RightMove: StTime = 433 EdTime = 215
Jump:  StTime = 431 EdTime = 443
RunState: StTime = 448 EdTime = 453
RightMove: StTime = 435 EdTime = 268
LeftMove: StTime = 499 EdTime = 48
RightMove: StTime = 524 EdTime = 302
CollectCoin:  time = 582
Jump:  StTime = 582 EdTime = 589
RunState: StTime = 581 EdTime = 604
LeftMove: StTime = 559 EdTime = 109
RunState: StTime = 611 EdTime = 634
Jump:  StTime = 641 EdTime = 655
RunState: StTime = 640 EdTime = 657
Jump:  StTime = 663 EdTime = 673
RunState: StTime = 663 EdTime = 685
Jump:  StTime = 696 EdTime = 711
RunState: StTime = 695 EdTime = 718
LeftMove: StTime = 645 EdTime = 185
RightMove: StTime = 730 EdTime = 342
Jump:  StTime = 756 EdTime = 773
RunState: StTime = 755 EdTime = 775
CollectCoin:  time = 782
CollectCoin:  time = 782
CollectCoin:  time = 784
Jump:  StTime = 782 EdTime = 790
RightMove: StTime = 772 EdTime = 361
RunState: StTime = 779 EdTime = 801
RightMove: StTime = 802 EdTime = 362
RightMove: StTime = 804 EdTime = 363
RightMove: StTime = 806 EdTime = 364
RightMove: StTime = 810 EdTime = 374
RunState: StTime = 806 EdTime = 822
Jump:  StTime = 807 EdTime = 822
RightMove: StTime = 823 EdTime = 375
RightMove: StTime = 825 EdTime = 376
RightMove: StTime = 827 EdTime = 377
RightMove: StTime = 829 EdTime = 378
RunState: StTime = 830 EdTime = 841
Jump:  StTime = 830 EdTime = 844
RightMove: StTime = 834 EdTime = 388
RightMove: StTime = 845 EdTime = 389
RightMove: StTime = 847 EdTime = 390
RightMove: StTime = 849 EdTime = 391
Jump:  StTime = 851 EdTime = 863
RunState: StTime = 849 EdTime = 864
Jump:  StTime = 886 EdTime = 904
RightMove: StTime = 856 EdTime = 440
RunState: StTime = 886 EdTime = 913
RightMove: StTime = 914 EdTime = 441
RightMove: StTime = 916 EdTime = 442
RunState: StTime = 917 EdTime = 931
Jump:  StTime = 919 EdTime = 934
RightMove: StTime = 922 EdTime = 456
RightMove: StTime = 937 EdTime = 457
RightMove: StTime = 939 EdTime = 458
RunState: StTime = 939 EdTime = 946
Jump:  StTime = 939 EdTime = 951
Jump:  StTime = 961 EdTime = 973
RunState: StTime = 961 EdTime = 975
RunState: StTime = 985 EdTime = 1007
RightMove: StTime = 943 EdTime = 534
RightMove: StTime = 1020 EdTime = 535
LeftMove: StTime = 1024 EdTime = 198
RightMove: StTime = 1053 EdTime = 548
Jump:  StTime = 1065 EdTime = 1079
RightMove: StTime = 1069 EdTime = 563
RunState: StTime = 1063 EdTime = 1085
RightMove: StTime = 1086 EdTime = 564
RightMove: StTime = 1088 EdTime = 565
RightMove: StTime = 1090 EdTime = 566
RightMove: StTime = 1092 EdTime = 567
Jump:  StTime = 1094 EdTime = 1106
RightMove: StTime = 1099 EdTime = 580
RunState: StTime = 1093 EdTime = 1116
RightMove: StTime = 1117 EdTime = 581
RightMove: StTime = 1119 EdTime = 582
RightMove: StTime = 1121 EdTime = 583
RunState: StTime = 1122 EdTime = 1135
Jump:  StTime = 1123 EdTime = 1138
RightMove: StTime = 1126 EdTime = 595
RightMove: StTime = 1139 EdTime = 596
RightMove: StTime = 1141 EdTime = 597
RightMove: StTime = 1143 EdTime = 598
RightMove: StTime = 1145 EdTime = 599
RightMove: StTime = 1147 EdTime = 600
Jump:  StTime = 1147 EdTime = 1159
RunState: StTime = 1147 EdTime = 1163
RightMove: StTime = 1152 EdTime = 614
RightMove: StTime = 1167 EdTime = 615
RightMove: StTime = 1169 EdTime = 616
RightMove: StTime = 1171 EdTime = 617
RightMove: StTime = 1186 EdTime = 618
RightMove: StTime = 1188 EdTime = 619
RightMove: StTime = 1190 EdTime = 620
RightMove: StTime = 1192 EdTime = 621
RightMove: StTime = 1194 EdTime = 622
Jump:  StTime = 1193 EdTime = 1207
RightMove: StTime = 1196 EdTime = 634
RightMove: StTime = 1209 EdTime = 635
RightMove: StTime = 1211 EdTime = 636
RightMove: StTime = 1213 EdTime = 637
RightMove: StTime = 1215 EdTime = 638
RightMove: StTime = 1217 EdTime = 639
RightMove: StTime = 1219 EdTime = 640
RightMove: StTime = 1221 EdTime = 641
Jump:  StTime = 1219 EdTime = 1233
RightMove: StTime = 1223 EdTime = 660
RightMove: StTime = 1243 EdTime = 661
RightMove: StTime = 1245 EdTime = 662
Jump:  StTime = 1243 EdTime = 1255
RightMove: StTime = 1247 EdTime = 721
LeftMove: StTime = 1307 EdTime = 231
RightMove: StTime = 1341 EdTime = 749
LeftMove: StTime = 1383 EdTime = 250
RightMove: StTime = 1403 EdTime = 768
RunState: StTime = 1359 EdTime = 1446
LeftMove: StTime = 1426 EdTime = 270
RightMove: StTime = 1447 EdTime = 796
LeftMove: StTime = 1476 EdTime = 297
RightMove: StTime = 1504 EdTime = 826
LeftMove: StTime = 1535 EdTime = 326
RightMove: StTime = 1565 EdTime = 844
LeftMove: StTime = 1603 EdTime = 346
RightMove: StTime = 1624 EdTime = 862
LeftMove: StTime = 1643 EdTime = 365
RightMove: StTime = 1666 EdTime = 881
LeftMove: StTime = 1692 EdTime = 384
RightMove: StTime = 1713 EdTime = 900
RunState: StTime = 1567 EdTime = 1752
LeftMove: StTime = 1743 EdTime = 412
RightMove: StTime = 1772 EdTime = 929
RightMove: StTime = 1802 EdTime = 930
LeftMove: StTime = 1805 EdTime = 444
CollectCoin:  time = 1869
CollectCoin:  time = 1882
Jump:  StTime = 1869 EdTime = 1883
RunState: StTime = 1870 EdTime = 1885
RightMove: StTime = 1846 EdTime = 984
RightMove: StTime = 1901 EdTime = 985
RightMove: StTime = 1903 EdTime = 1013
Jump:  StTime = 1936 EdTime = 1950
RunState: StTime = 1931 EdTime = 1989
RightMove: StTime = 1940 EdTime = 1065
RightMove: StTime = 1993 EdTime = 1066
RightMove: StTime = 1995 EdTime = 1067
RightMove: StTime = 1997 EdTime = 1068
RightMove: StTime = 1999 EdTime = 1069
RightMove: StTime = 2001 EdTime = 1070
RightMove: StTime = 2003 EdTime = 1071
RightMove: StTime = 2005 EdTime = 1072
RightMove: StTime = 2007 EdTime = 1073
RightMove: StTime = 2009 EdTime = 1074
RightMove: StTime = 2011 EdTime = 1075
LeftMove: StTime = 2024 EdTime = 463
RightMove: StTime = 2044 EdTime = 1088
Jump:  StTime = 2067 EdTime = 2081
CollectCoin:  time = 2092
CollectCoin:  time = 2093
RightMove: StTime = 2071 EdTime = 1119
Jump:  StTime = 2120 EdTime = 2132
CollectCoin:  time = 2143
CollectCoin:  time = 2144
RightMove: StTime = 2125 EdTime = 1148
LeftMove: StTime = 2172 EdTime = 482
RightMove: StTime = 2192 EdTime = 1167
Jump:  StTime = 2212 EdTime = 2224
RunState: StTime = 2049 EdTime = 2236
RightMove: StTime = 2216 EdTime = 1222
LeftMove: StTime = 2278 EdTime = 506
CollectCoin:  time = 2329
CollectCoin:  time = 2329
BlockPowerDestroy:  time = 2331
Jump:  StTime = 2329 EdTime = 2337
RightMove: StTime = 2306 EdTime = 1257
RightMove: StTime = 2342 EdTime = 1258
RightMove: StTime = 2344 EdTime = 1259
RightMove: StTime = 2346 EdTime = 1260
RightMove: StTime = 2348 EdTime = 1261
RightMove: StTime = 2350 EdTime = 1262
RightMove: StTime = 2352 EdTime = 1263
RightMove: StTime = 2354 EdTime = 1264
RightMove: StTime = 2356 EdTime = 1265
RightMove: StTime = 2358 EdTime = 1266
LittleState: StTime = -17 EdTime = 2360
RightMove: StTime = 2360 EdTime = 1285
RightMove: StTime = 2397 EdTime = 1286
RunState: StTime = 2398 EdTime = 2411
RightMove: StTime = 2412 EdTime = 1287
RightMove: StTime = 2414 EdTime = 1288
RightMove: StTime = 2416 EdTime = 1289
RightMove: StTime = 2418 EdTime = 1290
RightMove: StTime = 2420 EdTime = 1291
RightMove: StTime = 2422 EdTime = 1292
RightMove: StTime = 2424 EdTime = 1293
RightMove: StTime = 2426 EdTime = 1294
RightMove: StTime = 2428 EdTime = 1295
RightMove: StTime = 2430 EdTime = 1296
CollectCoin:  time = 2457
Jump:  StTime = 2447 EdTime = 2461
CollectCoin:  time = 2461
CollectCoin:  time = 2464
CollectCoin:  time = 2468
CollectCoin:  time = 2471
CollectCoin:  time = 2474
RightMove: StTime = 2450 EdTime = 1339
RightMove: StTime = 2494 EdTime = 1340
RightMove: StTime = 2496 EdTime = 1341
RightMove: StTime = 2498 EdTime = 1342
RightMove: StTime = 2511 EdTime = 1343
RightMove: StTime = 2513 EdTime = 1344
RightMove: StTime = 2515 EdTime = 1345
Jump:  StTime = 2517 EdTime = 2529
RunState: StTime = 2515 EdTime = 2541
RightMove: StTime = 2522 EdTime = 1369
Jump:  StTime = 2548 EdTime = 2563
Totaltime = 2586
RightMove: StTime = 2551 EdTime = 1387
RunState: StTime = 2543 EdTime = 2569
LargeState: StTime = 2360 EdTime = 2569
