StartTime = -17
Jump:  StTime = 19 EdTime = 31
CollectCoin:  time = 44
CollectCoin:  time = 46
Jump:  StTime = 50 EdTime = 66
RightMove: StTime = -1 EdTime = 67
Jump:  StTime = 68 EdTime = 82
Jump:  StTime = 83 EdTime = 95
Jump:  StTime = 96 EdTime = 117
RightMove: StTime = 71 EdTime = 113
Jump:  StTime = 118 EdTime = 130
RightMove: StTime = 122 EdTime = 123
Jump:  StTime = 132 EdTime = 143
CollectCoin:  time = 162
Jump:  StTime = 144 EdTime = 163
Jump:  StTime = 168 EdTime = 186
RightMove: StTime = 137 EdTime = 189
Jump:  StTime = 189 EdTime = 205
Jump:  StTime = 212 EdTime = 224
RightMove: StTime = 217 EdTime = 208
Jump:  StTime = 233 EdTime = 245
RightMove: StTime = 237 EdTime = 228
Jump:  StTime = 266 EdTime = 275
Jump:  StTime = 278 EdTime = 294
RightMove: StTime = 270 EdTime = 266
Jump:  StTime = 301 EdTime = 311
Jump:  StTime = 314 EdTime = 332
Jump:  StTime = 335 EdTime = 347
RightMove: StTime = 309 EdTime = 312
Jump:  StTime = 353 EdTime = 369
RightMove: StTime = 356 EdTime = 331
Jump:  StTime = 373 EdTime = 389
RightMove: StTime = 377 EdTime = 353
Jump:  StTime = 395 EdTime = 410
RightMove: StTime = 408 EdTime = 381
CollectCoin:  time = 445
CollectCoin:  time = 447
Jump:  StTime = 438 EdTime = 449
CollectCoin:  time = 476
RightMove: StTime = 441 EdTime = 419
Jump:  StTime = 464 EdTime = 480
Jump:  StTime = 481 EdTime = 493
CollectCoin:  time = 514
CollectCoin:  time = 515
Jump:  StTime = 498 EdTime = 517
RightMove: StTime = 485 EdTime = 454
RunState: StTime = 15 EdTime = 530
Jump:  StTime = 518 EdTime = 530
CollectCoin:  time = 537
StompKill:  EnemyType = 2 time = 537
CollectCoin:  time = 539
CollectCoin:  time = 544
RightMove: StTime = 522 EdTime = 488
Jump:  StTime = 556 EdTime = 571
Jump:  StTime = 572 EdTime = 577
Totaltime = 594
RightMove: StTime = 559 EdTime = 506
RunState: StTime = 533 EdTime = 577
LittleState: StTime = -17 EdTime = 577
