StartTime = -17
CollectCoin:  time = 25
CollectCoin:  time = 26
CollectCoin:  time = 28
CollectCoin:  time = 29
Jump:  StTime = 16 EdTime = 30
Jump:  StTime = 33 EdTime = 45
Jump:  StTime = 55 EdTime = 76
Jump:  StTime = 80 EdTime = 93
CollectCoin:  time = 121
CollectCoin:  time = 122
Jump:  StTime = 106 EdTime = 124
RightMove: StTime = -2 EdTime = 133
Jump:  StTime = 125 EdTime = 135
RightMove: StTime = 133 EdTime = 162
RunState: StTime = 13 EdTime = 164
RightMove: StTime = 177 EdTime = 163
RunState: StTime = 177 EdTime = 183
RightMove: StTime = 181 EdTime = 169
Jump:  StTime = 177 EdTime = 189
Jump:  StTime = 222 EdTime = 234
RightMove: StTime = 227 EdTime = 181
RunState: StTime = 221 EdTime = 255
Jump:  StTime = 244 EdTime = 256
Jump:  StTime = 268 EdTime = 282
Jump:  StTime = 284 EdTime = 301
CollectCoin:  time = 307
RightMove: StTime = 248 EdTime = 252
RightMove: StTime = 323 EdTime = 262
Jump:  StTime = 320 EdTime = 335
RightMove: StTime = 341 EdTime = 272
Jump:  StTime = 337 EdTime = 354
Jump:  StTime = 356 EdTime = 368
CollectCoin:  time = 377
CollectCoin:  time = 387
RightMove: StTime = 361 EdTime = 301
Jump:  StTime = 387 EdTime = 399
CollectCoin:  time = 415
Jump:  StTime = 415 EdTime = 425
Jump:  StTime = 441 EdTime = 459
Jump:  StTime = 463 EdTime = 475
Jump:  StTime = 478 EdTime = 496
RightMove: StTime = 391 EdTime = 411
Jump:  StTime = 498 EdTime = 512
Jump:  StTime = 517 EdTime = 534
RightMove: StTime = 502 EdTime = 445
Jump:  StTime = 536 EdTime = 548
Jump:  StTime = 555 EdTime = 567
Totaltime = 599
RightMove: StTime = 540 EdTime = 487
RunState: StTime = 267 EdTime = 582
LittleState: StTime = -17 EdTime = 582
