StartTime = -17
CollectCoin:  time = 40
RightMove: StTime = 3 EdTime = 38
CollectCoin:  time = 41
Jump:  StTime = 29 EdTime = 44
CollectCoin:  time = 69
CollectCoin:  time = 69
Jump:  StTime = 54 EdTime = 72
CollectCoin:  time = 82
Jump:  StTime = 81 EdTime = 95
RightMove: StTime = 42 EdTime = 98
Jump:  StTime = 100 EdTime = 117
RightMove: StTime = 104 EdTime = 113
Jump:  StTime = 120 EdTime = 132
CollectCoin:  time = 145
CollectCoin:  time = 146
BlockCoinDestroy:  time = 147
RightMove: StTime = 125 EdTime = 138
LeftMove: StTime = 159 EdTime = 7
Jump:  StTime = 145 EdTime = 168
RunState: StTime = 24 EdTime = 171
RightMove: StTime = 167 EdTime = 144
RightMove: StTime = 174 EdTime = 145
RightMove: StTime = 176 EdTime = 146
CollectCoin:  time = 187
CollectCoin:  time = 189
Jump:  StTime = 178 EdTime = 190
Jump:  StTime = 222 EdTime = 234
Jump:  StTime = 236 EdTime = 257
RightMove: StTime = 183 EdTime = 220
Jump:  StTime = 258 EdTime = 267
Jump:  StTime = 280 EdTime = 295
CollectCoin:  time = 312
CollectCoin:  time = 313
CollectCoin:  time = 314
Jump:  StTime = 297 EdTime = 315
RightMove: StTime = 262 EdTime = 295
CollectCoin:  time = 345
CollectCoin:  time = 345
CollectCoin:  time = 348
Jump:  StTime = 336 EdTime = 349
Jump:  StTime = 357 EdTime = 373
Jump:  StTime = 383 EdTime = 393
Jump:  StTime = 395 EdTime = 412
Jump:  StTime = 419 EdTime = 431
RightMove: StTime = 339 EdTime = 392
Jump:  StTime = 450 EdTime = 464
Jump:  StTime = 484 EdTime = 500
RightMove: StTime = 454 EdTime = 448
CollectCoin:  time = 527
Jump:  StTime = 518 EdTime = 529
Jump:  StTime = 542 EdTime = 554
Totaltime = 571
RightMove: StTime = 521 EdTime = 481
RunState: StTime = 177 EdTime = 554
LittleState: StTime = -17 EdTime = 554
