StartTime = -17
Jump:  StTime = 42 EdTime = 57
Jump:  StTime = 62 EdTime = 74
RightMove: StTime = 0 EdTime = 86
RightMove: StTime = 88 EdTime = 91
Jump:  StTime = 85 EdTime = 97
Jump:  StTime = 114 EdTime = 129
RightMove: StTime = 94 EdTime = 129
Jump:  StTime = 130 EdTime = 142
RightMove: StTime = 133 EdTime = 144
Jump:  StTime = 156 EdTime = 165
RightMove: StTime = 160 EdTime = 166
RightMove: StTime = 184 EdTime = 171
RunState: StTime = 43 EdTime = 190
RightMove: StTime = 191 EdTime = 172
RightMove: StTime = 193 EdTime = 173
Jump:  StTime = 181 EdTime = 195
Jump:  StTime = 237 EdTime = 249
RightMove: StTime = 242 EdTime = 186
Jump:  StTime = 257 EdTime = 271
CollectCoin:  time = 307
RightMove: StTime = 261 EdTime = 233
CollectCoin:  time = 308
Jump:  StTime = 292 EdTime = 310
RightMove: StTime = 309 EdTime = 262
Jump:  StTime = 327 EdTime = 342
Jump:  StTime = 359 EdTime = 368
Jump:  StTime = 369 EdTime = 386
Jump:  StTime = 399 EdTime = 406
Jump:  StTime = 426 EdTime = 443
RightMove: StTime = 340 EdTime = 366
RightMove: StTime = 447 EdTime = 373
Jump:  StTime = 444 EdTime = 455
CollectCoin:  time = 467
Jump:  StTime = 458 EdTime = 469
Jump:  StTime = 476 EdTime = 493
CollectCoin:  time = 504
CollectCoin:  time = 513
CollectCoin:  time = 515
CollectCoin:  time = 516
Jump:  StTime = 504 EdTime = 518
Jump:  StTime = 530 EdTime = 544
RightMove: StTime = 461 EdTime = 476
Jump:  StTime = 546 EdTime = 565
Jump:  StTime = 567 EdTime = 579
Jump:  StTime = 590 EdTime = 597
Totaltime = 614
RightMove: StTime = 571 EdTime = 502
RunState: StTime = 227 EdTime = 597
LittleState: StTime = -17 EdTime = 597
