StartTime = -17
Jump:  StTime = 31 EdTime = 43
CollectCoin:  time = 51
RightMove: StTime = 2 EdTime = 67
Jump:  StTime = 65 EdTime = 77
RunState: StTime = 29 EdTime = 102
LittleState: StTime = -17 EdTime = 102
Totaltime = 119
Jump:  StTime = 94 EdTime = 102
Die:  EnemyType = FlowerEnemy 
StartTime = -17
Jump:  StTime = 27 EdTime = 39
Jump:  StTime = 41 EdTime = 56
Jump:  StTime = 59 EdTime = 76
Jump:  StTime = 80 EdTime = 100
RightMove: StTime = -1 EdTime = 171
Jump:  StTime = 104 EdTime = 118
Jump:  StTime = 130 EdTime = 147
RightMove: StTime = 108 EdTime = 215
Jump:  StTime = 161 EdTime = 173
CollectCoin:  time = 178
RightMove: StTime = 166 EdTime = 241
Jump:  StTime = 192 EdTime = 204
Jump:  StTime = 220 EdTime = 238
RightMove: StTime = 195 EdTime = 285
Jump:  StTime = 241 EdTime = 253
RightMove: StTime = 245 EdTime = 308
Jump:  StTime = 267 EdTime = 278
RightMove: StTime = 270 EdTime = 330
Jump:  StTime = 290 EdTime = 303
Jump:  StTime = 314 EdTime = 333
Jump:  StTime = 334 EdTime = 348
Jump:  StTime = 360 EdTime = 370
CollectCoin:  time = 386
CollectCoin:  time = 386
RightMove: StTime = 293 EdTime = 430
Jump:  StTime = 397 EdTime = 409
Jump:  StTime = 411 EdTime = 425
RightMove: StTime = 402 EdTime = 461
RunState: StTime = 22 EdTime = 442
LeftMove: StTime = 448 EdTime = 13
RightMove: StTime = 464 EdTime = 471
Jump:  StTime = 462 EdTime = 477
Jump:  StTime = 490 EdTime = 507
RightMove: StTime = 475 EdTime = 512
RunState: StTime = 463 EdTime = 523
LeftMove: StTime = 527 EdTime = 32
Jump:  StTime = 548 EdTime = 562
Totaltime = 602
RightMove: StTime = 547 EdTime = 550
RunState: StTime = 546 EdTime = 585
LittleState: StTime = -17 EdTime = 585
