StartTime = -17
Jump:  StTime = 33 EdTime = 45
CollectCoin:  time = 58
CollectCoin:  time = 59
CollectCoin:  time = 60
Jump:  StTime = 47 EdTime = 61
Jump:  StTime = 70 EdTime = 87
CollectCoin:  time = 107
CollectCoin:  time = 107
CollectCoin:  time = 117
Jump:  StTime = 107 EdTime = 121
RightMove: StTime = 1 EdTime = 120
CollectCoin:  time = 131
Jump:  StTime = 123 EdTime = 132
CollectCoin:  time = 146
RightMove: StTime = 127 EdTime = 145
Jump:  StTime = 146 EdTime = 158
CollectCoin:  time = 165
Jump:  StTime = 159 EdTime = 167
RightMove: StTime = 156 EdTime = 167
Jump:  StTime = 176 EdTime = 186
RightMove: StTime = 180 EdTime = 192
CollectCoin:  time = 205
StompKill:  EnemyType = 2 time = 206
CollectCoin:  time = 210
CollectCoin:  time = 212
Jump:  StTime = 189 EdTime = 215
RightMove: StTime = 206 EdTime = 226
Jump:  StTime = 238 EdTime = 244
CollectCoin:  time = 269
CollectCoin:  time = 269
Jump:  StTime = 269 EdTime = 279
RightMove: StTime = 244 EdTime = 286
LeftMove: StTime = 305 EdTime = 10
Jump:  StTime = 284 EdTime = 320
RightMove: StTime = 316 EdTime = 294
Jump:  StTime = 323 EdTime = 333
RunState: StTime = 30 EdTime = 355
RightMove: StTime = 328 EdTime = 343
RunState: StTime = 372 EdTime = 382
Jump:  StTime = 375 EdTime = 386
RightMove: StTime = 378 EdTime = 364
Jump:  StTime = 397 EdTime = 404
RunState: StTime = 392 EdTime = 407
LittleState: StTime = -17 EdTime = 407
Totaltime = 424
Die:  EnemyType = 2
StartTime = -17
Jump:  StTime = 114 EdTime = 129
Jump:  StTime = 152 EdTime = 170
Jump:  StTime = 172 EdTime = 184
Jump:  StTime = 190 EdTime = 205
Jump:  StTime = 217 EdTime = 227
Jump:  StTime = 232 EdTime = 252
RunState: StTime = 112 EdTime = 253
LittleState: StTime = -17 EdTime = 253
Totaltime = 270
Die:  EnemyType = 2
StartTime = -17
Jump:  StTime = 26 EdTime = 41
Jump:  StTime = 59 EdTime = 77
RightMove: StTime = -1 EdTime = 459
CollectCoin:  time = 94
CollectCoin:  time = 95
Jump:  StTime = 80 EdTime = 97
CollectCoin:  time = 110
CollectCoin:  time = 115
CollectCoin:  time = 117
CollectCoin:  time = 118
Jump:  StTime = 110 EdTime = 121
RightMove: StTime = 96 EdTime = 487
Jump:  StTime = 122 EdTime = 129
RightMove: StTime = 126 EdTime = 512
Jump:  StTime = 148 EdTime = 157
RightMove: StTime = 152 EdTime = 549
CollectCoin:  time = 202
Jump:  StTime = 193 EdTime = 204
RunState: StTime = 18 EdTime = 209
RightMove: StTime = 196 EdTime = 566
RunState: StTime = 223 EdTime = 234
LeftMove: StTime = 214 EdTime = 36
Jump:  StTime = 227 EdTime = 243
LittleState: StTime = -17 EdTime = 245
Totaltime = 262
Die:  EnemyType = 2
