StartTime = -17
RightMove: StTime = 24 EdTime = 27
Jump:  StTime = 40 EdTime = 56
RightMove: StTime = 55 EdTime = 46
Jump:  StTime = 71 EdTime = 83
CollectCoin:  time = 87
CollectCoin:  time = 87
Jump:  StTime = 87 EdTime = 99
RightMove: StTime = 76 EdTime = 77
CollectCoin:  time = 108
CollectCoin:  time = 119
Jump:  StTime = 119 EdTime = 131
CollectCoin:  time = 143
Jump:  StTime = 143 EdTime = 155
CollectCoin:  time = 170
Jump:  StTime = 168 EdTime = 184
RightMove: StTime = 109 EdTime = 158
Jump:  StTime = 187 EdTime = 199
Jump:  StTime = 209 EdTime = 223
RightMove: StTime = 192 EdTime = 196
CollectCoin:  time = 253
Jump:  StTime = 238 EdTime = 254
BlockCoinDestroy:  time = 263
Jump:  StTime = 261 EdTime = 268
Jump:  StTime = 277 EdTime = 294
RightMove: StTime = 242 EdTime = 252
Jump:  StTime = 295 EdTime = 305
Jump:  StTime = 328 EdTime = 342
Jump:  StTime = 346 EdTime = 367
RightMove: StTime = 300 EdTime = 323
Jump:  StTime = 377 EdTime = 388
Jump:  StTime = 401 EdTime = 413
Jump:  StTime = 419 EdTime = 438
RightMove: StTime = 382 EdTime = 379
CollectCoin:  time = 446
CollectCoin:  time = 448
Jump:  StTime = 439 EdTime = 451
Jump:  StTime = 465 EdTime = 474
Jump:  StTime = 480 EdTime = 495
RightMove: StTime = 442 EdTime = 447
Jump:  StTime = 508 EdTime = 520
Jump:  StTime = 524 EdTime = 529
Totaltime = 546
RightMove: StTime = 511 EdTime = 465
RunState: StTime = 38 EdTime = 529
LittleState: StTime = -17 EdTime = 529
