StartTime = -17
CollectCoin:  time = 45
CollectCoin:  time = 46
Jump:  StTime = 33 EdTime = 48
CollectCoin:  time = 72
RunState: StTime = 33 EdTime = 77
Jump:  StTime = 62 EdTime = 77
RightMove: StTime = 10 EdTime = 89
LeftMove: StTime = 100 EdTime = 26
RunState: StTime = 147 EdTime = 154
Jump:  StTime = 147 EdTime = 161
RightMove: StTime = 127 EdTime = 132
LeftMove: StTime = 171 EdTime = 44
RunState: StTime = 205 EdTime = 221
Jump:  StTime = 205 EdTime = 223
Jump:  StTime = 225 EdTime = 237
RunState: StTime = 224 EdTime = 238
CollectCoin:  time = 252
RunState: StTime = 252 EdTime = 264
Jump:  StTime = 252 EdTime = 264
RunState: StTime = 267 EdTime = 284
Jump:  StTime = 268 EdTime = 290
RightMove: StTime = 190 EdTime = 234
Jump:  StTime = 292 EdTime = 304
RightMove: StTime = 297 EdTime = 246
Jump:  StTime = 317 EdTime = 328
Jump:  StTime = 342 EdTime = 357
Jump:  StTime = 363 EdTime = 376
Jump:  StTime = 392 EdTime = 403
Jump:  StTime = 410 EdTime = 421
Jump:  StTime = 422 EdTime = 438
RightMove: StTime = 322 EdTime = 375
CollectCoin:  time = 451
CollectCoin:  time = 459
CollectCoin:  time = 459
CollectCoin:  time = 461
CollectCoin:  time = 463
CollectCoin:  time = 464
Jump:  StTime = 459 EdTime = 467
RightMove: StTime = 452 EdTime = 392
Jump:  StTime = 473 EdTime = 487
Jump:  StTime = 496 EdTime = 508
RightMove: StTime = 476 EdTime = 429
Jump:  StTime = 519 EdTime = 531
RightMove: StTime = 524 EdTime = 475
Jump:  StTime = 556 EdTime = 572
CollectCoin:  time = 580
CollectCoin:  time = 582
Jump:  StTime = 577 EdTime = 585
RightMove: StTime = 571 EdTime = 490
CollectCoin:  time = 597
CollectCoin:  time = 599
Jump:  StTime = 590 EdTime = 602
CollectCoin:  time = 618
RightMove: StTime = 593 EdTime = 519
Jump:  StTime = 617 EdTime = 627
Jump:  StTime = 637 EdTime = 654
Totaltime = 671
RightMove: StTime = 625 EdTime = 548
RunState: StTime = 292 EdTime = 654
LittleState: StTime = -17 EdTime = 654
