StartTime = -17
Jump:  StTime = 28 EdTime = 44
RightMove: StTime = -4 EdTime = 48
Jump:  StTime = 45 EdTime = 57
Jump:  StTime = 62 EdTime = 74
Jump:  StTime = 76 EdTime = 91
CollectCoin:  time = 101
Jump:  StTime = 101 EdTime = 115
RightMove: StTime = 49 EdTime = 120
Jump:  StTime = 126 EdTime = 135
Jump:  StTime = 143 EdTime = 153
RightMove: StTime = 130 EdTime = 148
CollectCoin:  time = 174
CollectCoin:  time = 176
Jump:  StTime = 166 EdTime = 178
Jump:  StTime = 192 EdTime = 204
Jump:  StTime = 205 EdTime = 214
RightMove: StTime = 170 EdTime = 210
Jump:  StTime = 221 EdTime = 237
RightMove: StTime = 234 EdTime = 238
Jump:  StTime = 267 EdTime = 282
RightMove: StTime = 270 EdTime = 250
RightMove: StTime = 287 EdTime = 255
Jump:  StTime = 284 EdTime = 296
RightMove: StTime = 293 EdTime = 275
CollectCoin:  time = 321
CollectCoin:  time = 321
CollectCoin:  time = 323
Jump:  StTime = 311 EdTime = 325
Jump:  StTime = 333 EdTime = 348
Jump:  StTime = 351 EdTime = 364
Jump:  StTime = 380 EdTime = 390
RightMove: StTime = 314 EdTime = 356
Jump:  StTime = 399 EdTime = 409
RightMove: StTime = 403 EdTime = 366
Jump:  StTime = 412 EdTime = 421
CollectCoin:  time = 429
RightMove: StTime = 415 EdTime = 406
Jump:  StTime = 450 EdTime = 459
Jump:  StTime = 473 EdTime = 492
RightMove: StTime = 458 EdTime = 440
Jump:  StTime = 495 EdTime = 502
RunState: StTime = 25 EdTime = 506
LittleState: StTime = -17 EdTime = 506
Totaltime = 523
Die:  EnemyType = 2
StartTime = -17
Jump:  StTime = 35 EdTime = 50
Jump:  StTime = 57 EdTime = 67
RightMove: StTime = 0 EdTime = 514
Jump:  StTime = 82 EdTime = 93
Jump:  StTime = 115 EdTime = 128
RightMove: StTime = 87 EdTime = 561
Jump:  StTime = 139 EdTime = 148
RightMove: StTime = 143 EdTime = 578
Jump:  StTime = 157 EdTime = 164
Jump:  StTime = 171 EdTime = 181
CollectCoin:  time = 205
Jump:  StTime = 205 EdTime = 210
Jump:  StTime = 223 EdTime = 234
Jump:  StTime = 242 EdTime = 257
RightMove: StTime = 161 EdTime = 677
Jump:  StTime = 260 EdTime = 269
CollectCoin:  time = 285
CollectCoin:  time = 287
CollectCoin:  time = 288
CollectCoin:  time = 290
Jump:  StTime = 282 EdTime = 291
RightMove: StTime = 263 EdTime = 723
Jump:  StTime = 297 EdTime = 313
Jump:  StTime = 313 EdTime = 319
RightMove: StTime = 319 EdTime = 740
LeftMove: StTime = 340 EdTime = 10
RightMove: StTime = 351 EdTime = 748
Jump:  StTime = 366 EdTime = 372
RightMove: StTime = 372 EdTime = 761
Jump:  StTime = 392 EdTime = 408
Jump:  StTime = 408 EdTime = 420
CollectCoin:  time = 424
Jump:  StTime = 438 EdTime = 447
RightMove: StTime = 413 EdTime = 801
Jump:  StTime = 461 EdTime = 470
RightMove: StTime = 465 EdTime = 811
Jump:  StTime = 473 EdTime = 484
CollectCoin:  time = 490
Jump:  StTime = 526 EdTime = 539
RightMove: StTime = 476 EdTime = 877
Jump:  StTime = 542 EdTime = 549
RunState: StTime = 30 EdTime = 550
LittleState: StTime = -17 EdTime = 557
Totaltime = 574
Die:  EnemyType = 2
StartTime = -17
Jump:  StTime = 31 EdTime = 46
Jump:  StTime = 48 EdTime = 60
Jump:  StTime = 64 EdTime = 77
Jump:  StTime = 91 EdTime = 102
RightMove: StTime = -1 EdTime = 988
Jump:  StTime = 103 EdTime = 116
Jump:  StTime = 125 EdTime = 134
Jump:  StTime = 136 EdTime = 145
CollectCoin:  time = 175
CollectCoin:  time = 176
Jump:  StTime = 168 EdTime = 177
RightMove: StTime = 114 EdTime = 1068
Jump:  StTime = 186 EdTime = 200
Jump:  StTime = 215 EdTime = 233
RightMove: StTime = 198 EdTime = 1103
Jump:  StTime = 234 EdTime = 245
CollectCoin:  time = 259
CollectCoin:  time = 261
CollectCoin:  time = 262
CollectCoin:  time = 264
CollectCoin:  time = 265
Jump:  StTime = 256 EdTime = 267
RightMove: StTime = 237 EdTime = 1149
Jump:  StTime = 284 EdTime = 290
Jump:  StTime = 297 EdTime = 309
RightMove: StTime = 290 EdTime = 1174
Jump:  StTime = 322 EdTime = 328
Jump:  StTime = 334 EdTime = 343
Jump:  StTime = 348 EdTime = 363
RightMove: StTime = 328 EdTime = 1214
Jump:  StTime = 374 EdTime = 383
Jump:  StTime = 385 EdTime = 394
CollectCoin:  time = 397
Jump:  StTime = 432 EdTime = 445
RightMove: StTime = 378 EdTime = 1285
Jump:  StTime = 449 EdTime = 458
RunState: StTime = 21 EdTime = 461
LittleState: StTime = -17 EdTime = 461
Totaltime = 478
Die:  EnemyType = 2
