StartTime = -17
Jump:  StTime = 39 EdTime = 56
Jump:  StTime = 61 EdTime = 69
RightMove: StTime = 16 EdTime = 66
Jump:  StTime = 79 EdTime = 89
RightMove: StTime = 83 EdTime = 86
RunState: StTime = 19 EdTime = 117
Jump:  StTime = 110 EdTime = 122
RightMove: StTime = 114 EdTime = 96
RunState: StTime = 123 EdTime = 137
Jump:  StTime = 125 EdTime = 141
Jump:  StTime = 144 EdTime = 161
RightMove: StTime = 129 EdTime = 135
Jump:  StTime = 162 EdTime = 175
Jump:  StTime = 185 EdTime = 201
RightMove: StTime = 172 EdTime = 169
Jump:  StTime = 215 EdTime = 225
Jump:  StTime = 234 EdTime = 253
CollectCoin:  time = 267
CollectCoin:  time = 268
CollectCoin:  time = 269
Jump:  StTime = 258 EdTime = 272
RightMove: StTime = 220 EdTime = 225
Jump:  StTime = 275 EdTime = 286
RightMove: StTime = 278 EdTime = 235
CollectCoin:  time = 308
CollectCoin:  time = 310
CollectCoin:  time = 311
CollectCoin:  time = 313
Jump:  StTime = 304 EdTime = 315
Jump:  StTime = 323 EdTime = 334
RightMove: StTime = 289 EdTime = 284
Jump:  StTime = 336 EdTime = 348
RunState: StTime = 143 EdTime = 350
RightMove: StTime = 341 EdTime = 296
Jump:  StTime = 360 EdTime = 372
Jump:  StTime = 390 EdTime = 407
Jump:  StTime = 414 EdTime = 424
CollectCoin:  time = 429
CollectCoin:  time = 430
RightMove: StTime = 365 EdTime = 374
Jump:  StTime = 442 EdTime = 453
Jump:  StTime = 459 EdTime = 475
RightMove: StTime = 445 EdTime = 417
RunState: StTime = 358 EdTime = 496
Jump:  StTime = 489 EdTime = 501
CollectCoin:  time = 514
CollectCoin:  time = 514
CollectCoin:  time = 517
Jump:  StTime = 505 EdTime = 519
Jump:  StTime = 529 EdTime = 546
Jump:  StTime = 548 EdTime = 559
Jump:  StTime = 563 EdTime = 563
Totaltime = 580
RightMove: StTime = 492 EdTime = 488
RunState: StTime = 504 EdTime = 563
LittleState: StTime = -17 EdTime = 563
