StartTime = -17
Jump:  StTime = 21 EdTime = 35
Jump:  StTime = 43 EdTime = 57
CollectCoin:  time = 63
CollectCoin:  time = 64
Jump:  StTime = 62 EdTime = 79
RunState: StTime = 9 EdTime = 88
LittleState: StTime = -17 EdTime = 88
Totaltime = 105
Die:  EnemyType = 2
StartTime = -17
Jump:  StTime = 15 EdTime = 29
Jump:  StTime = 34 EdTime = 50
CollectCoin:  time = 58
CollectCoin:  time = 58
CollectCoin:  time = 60
Jump:  StTime = 58 EdTime = 73
Jump:  StTime = 77 EdTime = 89
RightMove: StTime = 0 EdTime = 103
Jump:  StTime = 99 EdTime = 108
Jump:  StTime = 121 EdTime = 140
BlockCoinDestroy:  time = 144
Jump:  StTime = 142 EdTime = 147
RunState: StTime = 0 EdTime = 151
LittleState: StTime = -17 EdTime = 151
Totaltime = 168
Die:  EnemyType = 2
StartTime = -17
Jump:  StTime = 14 EdTime = 28
Jump:  StTime = 33 EdTime = 48
CollectCoin:  time = 55
CollectCoin:  time = 55
CollectCoin:  time = 57
Jump:  StTime = 55 EdTime = 70
RightMove: StTime = -2 EdTime = 186
StompKill:  EnemyType = 2 time = 85
BlockCoinDestroy:  time = 88
CollectCoin:  time = 90
CollectCoin:  time = 93
RightMove: StTime = 84 EdTime = 201
CollectCoin:  time = 111
CollectCoin:  time = 113
Jump:  StTime = 102 EdTime = 114
CollectCoin:  time = 125
CollectCoin:  time = 126
BlockCoinDestroy:  time = 127
CollectCoin:  time = 128
CollectCoin:  time = 129
CollectCoin:  time = 131
CollectCoin:  time = 132
Jump:  StTime = 125 EdTime = 133
CollectCoin:  time = 140
CollectCoin:  time = 141
CollectCoin:  time = 143
RightMove: StTime = 107 EdTime = 253
Jump:  StTime = 158 EdTime = 170
RunState: StTime = -1 EdTime = 170
LittleState: StTime = -17 EdTime = 170
Totaltime = 187
Die:  EnemyType = 2
