StartTime = -17
CollectCoin:  time = 32
Jump:  StTime = 24 EdTime = 35
CollectCoin:  time = 39
Jump:  StTime = 39 EdTime = 53
RightMove: StTime = 6 EdTime = 51
Jump:  StTime = 57 EdTime = 63
Jump:  StTime = 75 EdTime = 93
RightMove: StTime = 63 EdTime = 103
CollectCoin:  time = 115
Jump:  StTime = 103 EdTime = 118
CollectCoin:  time = 123
CollectCoin:  time = 123
CollectCoin:  time = 125
CollectCoin:  time = 127
CollectCoin:  time = 128
Jump:  StTime = 123 EdTime = 131
RightMove: StTime = 116 EdTime = 120
Jump:  StTime = 136 EdTime = 147
Jump:  StTime = 157 EdTime = 173
RightMove: StTime = 139 EdTime = 169
Jump:  StTime = 185 EdTime = 197
Jump:  StTime = 206 EdTime = 218
RightMove: StTime = 190 EdTime = 210
CollectCoin:  time = 243
CollectCoin:  time = 245
Jump:  StTime = 235 EdTime = 247
RightMove: StTime = 239 EdTime = 248
CollectCoin:  time = 278
CollectCoin:  time = 279
StompKill:  EnemyType = 2 time = 280
CollectCoin:  time = 284
CollectCoin:  time = 286
Jump:  StTime = 264 EdTime = 289
Jump:  StTime = 297 EdTime = 308
Jump:  StTime = 309 EdTime = 326
RightMove: StTime = 280 EdTime = 298
Jump:  StTime = 328 EdTime = 337
Jump:  StTime = 359 EdTime = 376
CollectCoin:  time = 382
Jump:  StTime = 382 EdTime = 399
Jump:  StTime = 404 EdTime = 413
CollectCoin:  time = 433
RightMove: StTime = 332 EdTime = 400
CollectCoin:  time = 434
Jump:  StTime = 417 EdTime = 436
RunState: StTime = 5 EdTime = 436
LittleState: StTime = -17 EdTime = 436
Totaltime = 453
Die:  EnemyType = 2
StartTime = -17
CollectCoin:  time = 21
CollectCoin:  time = 23
CollectCoin:  time = 24
Jump:  StTime = 13 EdTime = 25
RunState: StTime = -6 EdTime = 28
LittleState: StTime = -17 EdTime = 28
Totaltime = 45
Die:  EnemyType = 2
StartTime = -17
CollectCoin:  time = 22
Jump:  StTime = 14 EdTime = 23
RunState: StTime = -4 EdTime = 29
LittleState: StTime = -17 EdTime = 29
Totaltime = 46
Die:  EnemyType = 2
