StartTime = -17
CollectCoin:  time = 81
Jump:  StTime = 66 EdTime = 82
Jump:  StTime = 90 EdTime = 103
RightMove: StTime = 40 EdTime = 69
Jump:  StTime = 117 EdTime = 127
Jump:  StTime = 146 EdTime = 158
CollectCoin:  time = 165
CollectCoin:  time = 166
CollectCoin:  time = 167
CollectCoin:  time = 183
Jump:  StTime = 171 EdTime = 186
RightMove: StTime = 121 EdTime = 134
Jump:  StTime = 198 EdTime = 207
Jump:  StTime = 217 EdTime = 233
RightMove: StTime = 202 EdTime = 171
Jump:  StTime = 238 EdTime = 248
Jump:  StTime = 255 EdTime = 268
Jump:  StTime = 279 EdTime = 291
CollectCoin:  time = 299
CollectCoin:  time = 300
CollectCoin:  time = 301
BlockPowerDestroy:  time = 301
Jump:  StTime = 299 EdTime = 307
Jump:  StTime = 326 EdTime = 340
Jump:  StTime = 346 EdTime = 363
RightMove: StTime = 242 EdTime = 300
Jump:  StTime = 383 EdTime = 395
RightMove: StTime = 387 EdTime = 310
Jump:  StTime = 402 EdTime = 414
RightMove: StTime = 407 EdTime = 325
Jump:  StTime = 422 EdTime = 432
Jump:  StTime = 438 EdTime = 456
CollectCoin:  time = 466
CollectCoin:  time = 466
CollectCoin:  time = 468
RightMove: StTime = 426 EdTime = 371
Jump:  StTime = 466 EdTime = 475
RunState: StTime = 48 EdTime = 490
Jump:  StTime = 480 EdTime = 492
RunState: StTime = 497 EdTime = 497
LittleState: StTime = -17 EdTime = 497
Totaltime = 514
Die:  EnemyType = 2
StartTime = -17
CollectCoin:  time = 36
Jump:  StTime = 21 EdTime = 37
Jump:  StTime = 47 EdTime = 59
RightMove: StTime = -4 EdTime = 439
Jump:  StTime = 71 EdTime = 80
Jump:  StTime = 98 EdTime = 110
RightMove: StTime = 75 EdTime = 494
CollectCoin:  time = 130
CollectCoin:  time = 131
Jump:  StTime = 114 EdTime = 133
CollectCoin:  time = 137
CollectCoin:  time = 138
CollectCoin:  time = 141
CollectCoin:  time = 143
CollectCoin:  time = 144
Jump:  StTime = 137 EdTime = 145
RightMove: StTime = 132 EdTime = 511
CollectCoin:  time = 162
CollectCoin:  time = 165
Jump:  StTime = 152 EdTime = 166
RunState: StTime = 2 EdTime = 192
Jump:  StTime = 174 EdTime = 192
RightMove: StTime = 156 EdTime = 549
RunState: StTime = 196 EdTime = 205
Jump:  StTime = 199 EdTime = 211
RightMove: StTime = 203 EdTime = 573
Jump:  StTime = 225 EdTime = 237
Jump:  StTime = 255 EdTime = 268
CollectCoin:  time = 275
CollectCoin:  time = 276
CollectCoin:  time = 277
Jump:  StTime = 275 EdTime = 284
Jump:  StTime = 304 EdTime = 318
Jump:  StTime = 323 EdTime = 340
RightMove: StTime = 228 EdTime = 692
RunState: StTime = 213 EdTime = 368
RightMove: StTime = 359 EdTime = 702
Jump:  StTime = 355 EdTime = 371
Jump:  StTime = 378 EdTime = 390
RunState: StTime = 377 EdTime = 391
RightMove: StTime = 383 EdTime = 723
Jump:  StTime = 402 EdTime = 416
RightMove: StTime = 406 EdTime = 755
Jump:  StTime = 431 EdTime = 441
RightMove: StTime = 439 EdTime = 786
Jump:  StTime = 456 EdTime = 472
BlockPowerDestroy:  time = 476
CollectCoin:  time = 477
CollectCoin:  time = 480
Jump:  StTime = 474 EdTime = 482
Jump:  StTime = 489 EdTime = 505
RightMove: StTime = 471 EdTime = 824
Jump:  StTime = 508 EdTime = 519
CollectCoin:  time = 525
CollectCoin:  time = 527
Jump:  StTime = 543 EdTime = 550
Totaltime = 567
RightMove: StTime = 511 EdTime = 863
RunState: StTime = 400 EdTime = 550
LittleState: StTime = -17 EdTime = 550
