StartTime = -17
CollectCoin:  time = 24
CollectCoin:  time = 25
Jump:  StTime = 17 EdTime = 26
Jump:  StTime = 32 EdTime = 42
CollectCoin:  time = 49
RightMove: StTime = -1 EdTime = 64
CollectCoin:  time = 63
CollectCoin:  time = 64
StompKill:  EnemyType = 2 time = 66
BlockCoinDestroy:  time = 69
CollectCoin:  time = 70
CollectCoin:  time = 71
CollectCoin:  time = 74
Jump:  StTime = 56 EdTime = 75
CollectCoin:  time = 89
CollectCoin:  time = 90
Jump:  StTime = 83 EdTime = 92
RightMove: StTime = 65 EdTime = 119
Jump:  StTime = 103 EdTime = 124
Jump:  StTime = 130 EdTime = 140
Jump:  StTime = 145 EdTime = 157
RightMove: StTime = 135 EdTime = 145
Jump:  StTime = 163 EdTime = 175
CollectCoin:  time = 177
CollectCoin:  time = 178
StompKill:  EnemyType = 2 time = 179
CollectCoin:  time = 180
RightMove: StTime = 166 EdTime = 168
Jump:  StTime = 198 EdTime = 210
RightMove: StTime = 203 EdTime = 180
Jump:  StTime = 219 EdTime = 230
CollectCoin:  time = 244
CollectCoin:  time = 244
CollectCoin:  time = 246
BlockPowerDestroy:  time = 247
CollectCoin:  time = 248
CollectCoin:  time = 249
CollectCoin:  time = 250
Jump:  StTime = 244 EdTime = 253
RightMove: StTime = 222 EdTime = 218
Jump:  StTime = 257 EdTime = 267
RightMove: StTime = 261 EdTime = 230
RunState: StTime = 1 EdTime = 279
RightMove: StTime = 280 EdTime = 231
RightMove: StTime = 282 EdTime = 232
LeftMove: StTime = 294 EdTime = 12
RightMove: StTime = 307 EdTime = 234
RightMove: StTime = 330 EdTime = 239
Jump:  StTime = 331 EdTime = 343
RunState: StTime = 327 EdTime = 346
RightMove: StTime = 336 EdTime = 258
CollectCoin:  time = 364
CollectCoin:  time = 366
Jump:  StTime = 355 EdTime = 367
Jump:  StTime = 377 EdTime = 392
RightMove: StTime = 360 EdTime = 336
CollectCoin:  time = 444
CollectCoin:  time = 446
Jump:  StTime = 437 EdTime = 448
CollectCoin:  time = 473
RightMove: StTime = 440 EdTime = 371
Jump:  StTime = 471 EdTime = 481
Jump:  StTime = 492 EdTime = 504
CollectCoin:  time = 521
RightMove: StTime = 479 EdTime = 426
CollectCoin:  time = 534
CollectCoin:  time = 535
Jump:  StTime = 520 EdTime = 537
Jump:  StTime = 558 EdTime = 570
Jump:  StTime = 576 EdTime = 589
Jump:  StTime = 601 EdTime = 602
Totaltime = 619
RightMove: StTime = 536 EdTime = 492
RunState: StTime = 354 EdTime = 602
LittleState: StTime = -17 EdTime = 602
