StartTime = -17
CollectCoin:  time = 40
CollectCoin:  time = 42
CollectCoin:  time = 43
RunState: StTime = 10 EdTime = 44
LittleState: StTime = -17 EdTime = 44
Totaltime = 61
Die:  EnemyType = 2
StartTime = -17
Jump:  StTime = 57 EdTime = 65
CollectCoin:  time = 83
CollectCoin:  time = 83
CollectCoin:  time = 84
Jump:  StTime = 69 EdTime = 86
Jump:  StTime = 114 EdTime = 130
RightMove: StTime = 2 EdTime = 129
RunState: StTime = 51 EdTime = 133
RightMove: StTime = 134 EdTime = 130
RightMove: StTime = 136 EdTime = 131
RightMove: StTime = 141 EdTime = 132
RightMove: StTime = 143 EdTime = 133
Jump:  StTime = 141 EdTime = 155
Jump:  StTime = 158 EdTime = 173
RightMove: StTime = 145 EdTime = 185
Jump:  StTime = 181 EdTime = 199
Jump:  StTime = 217 EdTime = 229
Jump:  StTime = 240 EdTime = 256
CollectCoin:  time = 278
CollectCoin:  time = 278
CollectCoin:  time = 290
Jump:  StTime = 278 EdTime = 292
CollectCoin:  time = 296
CollectCoin:  time = 296
BlockCoinDestroy:  time = 298
CollectCoin:  time = 299
CollectCoin:  time = 302
Jump:  StTime = 296 EdTime = 304
Jump:  StTime = 315 EdTime = 333
RightMove: StTime = 198 EdTime = 322
RightMove: StTime = 336 EdTime = 323
RightMove: StTime = 338 EdTime = 324
Jump:  StTime = 337 EdTime = 351
CollectCoin:  time = 353
CollectCoin:  time = 354
BlockCoinDestroy:  time = 356
CollectCoin:  time = 358
CollectCoin:  time = 361
Jump:  StTime = 353 EdTime = 362
CollectCoin:  time = 367
CollectCoin:  time = 367
CollectCoin:  time = 370
Jump:  StTime = 367 EdTime = 376
Jump:  StTime = 384 EdTime = 400
Jump:  StTime = 402 EdTime = 414
Jump:  StTime = 415 EdTime = 425
CollectCoin:  time = 436
Jump:  StTime = 427 EdTime = 440
Jump:  StTime = 442 EdTime = 457
RightMove: StTime = 340 EdTime = 443
RightMove: StTime = 460 EdTime = 444
Jump:  StTime = 459 EdTime = 468
CollectCoin:  time = 495
Jump:  StTime = 480 EdTime = 497
Jump:  StTime = 502 EdTime = 513
CollectCoin:  time = 518
CollectCoin:  time = 519
RightMove: StTime = 462 EdTime = 505
RightMove: StTime = 524 EdTime = 506
RightMove: StTime = 526 EdTime = 507
RightMove: StTime = 528 EdTime = 508
RightMove: StTime = 530 EdTime = 509
CollectCoin:  time = 532
Jump:  StTime = 518 EdTime = 534
CollectCoin:  time = 540
CollectCoin:  time = 544
CollectCoin:  time = 546
Jump:  StTime = 540 EdTime = 549
CollectCoin:  time = 552
CollectCoin:  time = 553
Jump:  StTime = 552 EdTime = 567
RightMove: StTime = 532 EdTime = 557
RightMove: StTime = 603 EdTime = 558
RightMove: StTime = 605 EdTime = 559
Jump:  StTime = 603 EdTime = 617
RightMove: StTime = 607 EdTime = 575
RightMove: StTime = 624 EdTime = 576
RightMove: StTime = 626 EdTime = 577
RightMove: StTime = 628 EdTime = 578
Jump:  StTime = 626 EdTime = 640
CollectCoin:  time = 651
CollectCoin:  time = 658
CollectCoin:  time = 658
CollectCoin:  time = 660
Jump:  StTime = 650 EdTime = 662
RightMove: StTime = 630 EdTime = 624
CollectCoin:  time = 684
CollectCoin:  time = 688
Jump:  StTime = 683 EdTime = 691
BlockCoinDestroy:  time = 695
Jump:  StTime = 693 EdTime = 701
RightMove: StTime = 677 EdTime = 652
RightMove: StTime = 706 EdTime = 653
CollectCoin:  time = 715
Jump:  StTime = 706 EdTime = 719
CollectCoin:  time = 722
CollectCoin:  time = 722
CollectCoin:  time = 726
CollectCoin:  time = 729
Jump:  StTime = 722 EdTime = 731
Jump:  StTime = 735 EdTime = 743
CollectCoin:  time = 749
CollectCoin:  time = 750
BlockCoinDestroy:  time = 751
CollectCoin:  time = 753
Jump:  StTime = 749 EdTime = 757
Jump:  StTime = 762 EdTime = 776
CollectCoin:  time = 791
Jump:  StTime = 778 EdTime = 793
CollectCoin:  time = 797
CollectCoin:  time = 797
CollectCoin:  time = 805
Jump:  StTime = 797 EdTime = 809
CollectCoin:  time = 818
CollectCoin:  time = 818
Jump:  StTime = 818 EdTime = 834
Jump:  StTime = 840 EdTime = 853
Totaltime = 870
RightMove: StTime = 708 EdTime = 798
LittleState: StTime = -17 EdTime = 853
