StartTime = -17
Jump:  StTime = 19 EdTime = 35
CollectCoin:  time = 38
CollectCoin:  time = 46
CollectCoin:  time = 47
Jump:  StTime = 38 EdTime = 50
CollectCoin:  time = 58
CollectCoin:  time = 59
Jump:  StTime = 58 EdTime = 67
RightMove: StTime = 6 EdTime = 63
RightMove: StTime = 70 EdTime = 64
RightMove: StTime = 72 EdTime = 65
RightMove: StTime = 74 EdTime = 66
RightMove: StTime = 76 EdTime = 67
Jump:  StTime = 74 EdTime = 88
RightMove: StTime = 78 EdTime = 82
RightMove: StTime = 94 EdTime = 83
Jump:  StTime = 92 EdTime = 106
RightMove: StTime = 96 EdTime = 104
RightMove: StTime = 131 EdTime = 105
RightMove: StTime = 133 EdTime = 106
Jump:  StTime = 132 EdTime = 146
RightMove: StTime = 135 EdTime = 125
RightMove: StTime = 155 EdTime = 137
Jump:  StTime = 153 EdTime = 168
RightMove: StTime = 168 EdTime = 138
RightMove: StTime = 170 EdTime = 139
RightMove: StTime = 172 EdTime = 140
RightMove: StTime = 174 EdTime = 141
Jump:  StTime = 172 EdTime = 186
Jump:  StTime = 197 EdTime = 213
Jump:  StTime = 216 EdTime = 230
Jump:  StTime = 232 EdTime = 250
CollectCoin:  time = 268
Jump:  StTime = 258 EdTime = 271
CollectCoin:  time = 298
CollectCoin:  time = 298
CollectCoin:  time = 300
CollectCoin:  time = 303
Jump:  StTime = 298 EdTime = 306
Jump:  StTime = 313 EdTime = 325
Jump:  StTime = 334 EdTime = 355
CollectCoin:  time = 365
Jump:  StTime = 358 EdTime = 368
RightMove: StTime = 176 EdTime = 389
Jump:  StTime = 407 EdTime = 425
RightMove: StTime = 425 EdTime = 390
RightMove: StTime = 427 EdTime = 391
RightMove: StTime = 429 EdTime = 392
RightMove: StTime = 431 EdTime = 393
RightMove: StTime = 433 EdTime = 394
Jump:  StTime = 432 EdTime = 446
Jump:  StTime = 449 EdTime = 465
RightMove: StTime = 435 EdTime = 425
RightMove: StTime = 467 EdTime = 426
RightMove: StTime = 469 EdTime = 427
RightMove: StTime = 471 EdTime = 428
RightMove: StTime = 473 EdTime = 429
Jump:  StTime = 471 EdTime = 485
Jump:  StTime = 497 EdTime = 509
RightMove: StTime = 475 EdTime = 472
RightMove: StTime = 519 EdTime = 473
RightMove: StTime = 521 EdTime = 474
RightMove: StTime = 523 EdTime = 475
RightMove: StTime = 525 EdTime = 476
Jump:  StTime = 524 EdTime = 538
Jump:  StTime = 548 EdTime = 564
CollectCoin:  time = 581
Jump:  StTime = 570 EdTime = 583
CollectCoin:  time = 585
CollectCoin:  time = 587
CollectCoin:  time = 591
CollectCoin:  time = 592
CollectCoin:  time = 595
Jump:  StTime = 585 EdTime = 596
Jump:  StTime = 608 EdTime = 620
Jump:  StTime = 632 EdTime = 646
Jump:  StTime = 647 EdTime = 663
RightMove: StTime = 527 EdTime = 613
RightMove: StTime = 665 EdTime = 614
RightMove: StTime = 667 EdTime = 615
RightMove: StTime = 669 EdTime = 616
RightMove: StTime = 671 EdTime = 617
Jump:  StTime = 669 EdTime = 683
Jump:  StTime = 696 EdTime = 711
Jump:  StTime = 730 EdTime = 744
RightMove: StTime = 673 EdTime = 689
RightMove: StTime = 746 EdTime = 690
RightMove: StTime = 748 EdTime = 691
RightMove: StTime = 750 EdTime = 692
Jump:  StTime = 748 EdTime = 760
Jump:  StTime = 763 EdTime = 777
CollectCoin:  time = 789
CollectCoin:  time = 791
BlockCoinDestroy:  time = 792
CollectCoin:  time = 794
CollectCoin:  time = 797
Jump:  StTime = 789 EdTime = 798
CollectCoin:  time = 812
Jump:  StTime = 801 EdTime = 814
Jump:  StTime = 822 EdTime = 830
RightMove: StTime = 752 EdTime = 773
RightMove: StTime = 834 EdTime = 774
RightMove: StTime = 836 EdTime = 775
RightMove: StTime = 838 EdTime = 776
Jump:  StTime = 835 EdTime = 847
Jump:  StTime = 851 EdTime = 867
Jump:  StTime = 882 EdTime = 897
RightMove: StTime = 840 EdTime = 842
RightMove: StTime = 907 EdTime = 843
RightMove: StTime = 909 EdTime = 844
RightMove: StTime = 911 EdTime = 845
RightMove: StTime = 913 EdTime = 846
RightMove: StTime = 915 EdTime = 847
Jump:  StTime = 915 EdTime = 924
CollectCoin:  time = 931
CollectCoin:  time = 931
Jump:  StTime = 931 EdTime = 939
RightMove: StTime = 917 EdTime = 872
RightMove: StTime = 943 EdTime = 873
RightMove: StTime = 945 EdTime = 874
Jump:  StTime = 943 EdTime = 957
Jump:  StTime = 965 EdTime = 984
Totaltime = 1007
RightMove: StTime = 947 EdTime = 917
LittleState: StTime = -17 EdTime = 990
