StartTime = -17
Jump:  StTime = 32 EdTime = 49
CollectCoin:  time = 66
Jump:  StTime = 52 EdTime = 68
CollectCoin:  time = 92
RightMove: StTime = -4 EdTime = 97
CollectCoin:  time = 93
Jump:  StTime = 81 EdTime = 96
CollectCoin:  time = 110
Jump:  StTime = 110 EdTime = 126
RightMove: StTime = 94 EdTime = 135
Jump:  StTime = 132 EdTime = 144
RightMove: StTime = 137 EdTime = 150
Jump:  StTime = 155 EdTime = 171
CollectCoin:  time = 186
CollectCoin:  time = 187
CollectCoin:  time = 196
CollectCoin:  time = 198
CollectCoin:  time = 199
Jump:  StTime = 186 EdTime = 200
Jump:  StTime = 203 EdTime = 220
CollectCoin:  time = 237
CollectCoin:  time = 238
RightMove: StTime = 159 EdTime = 235
CollectCoin:  time = 249
CollectCoin:  time = 250
Jump:  StTime = 237 EdTime = 253
Jump:  StTime = 268 EdTime = 280
Jump:  StTime = 283 EdTime = 297
CollectCoin:  time = 322
Jump:  StTime = 307 EdTime = 324
RightMove: StTime = 251 EdTime = 320
Jump:  StTime = 332 EdTime = 344
RightMove: StTime = 337 EdTime = 332
RightMove: StTime = 357 EdTime = 342
Jump:  StTime = 353 EdTime = 369
Jump:  StTime = 372 EdTime = 388
CollectCoin:  time = 388
CollectCoin:  time = 400
Jump:  StTime = 400 EdTime = 414
Jump:  StTime = 417 EdTime = 436
RunState: StTime = 20 EdTime = 436
LittleState: StTime = -17 EdTime = 436
Totaltime = 453
Die:  EnemyType = 2
StartTime = -17
Jump:  StTime = 18 EdTime = 37
RightMove: StTime = -7 EdTime = 387
Jump:  StTime = 38 EdTime = 52
RightMove: StTime = 42 EdTime = 409
CollectCoin:  time = 74
Jump:  StTime = 61 EdTime = 75
CollectCoin:  time = 94
CollectCoin:  time = 95
RightMove: StTime = 65 EdTime = 447
CollectCoin:  time = 104
CollectCoin:  time = 104
Jump:  StTime = 94 EdTime = 108
CollectCoin:  time = 121
Jump:  StTime = 121 EdTime = 137
RightMove: StTime = 105 EdTime = 485
Jump:  StTime = 144 EdTime = 156
RightMove: StTime = 149 EdTime = 500
Jump:  StTime = 165 EdTime = 181
CollectCoin:  time = 196
CollectCoin:  time = 197
Jump:  StTime = 196 EdTime = 206
CollectCoin:  time = 212
Jump:  StTime = 212 EdTime = 228
RightMove: StTime = 169 EdTime = 571
Jump:  StTime = 236 EdTime = 251
RightMove: StTime = 249 EdTime = 590
CollectCoin:  time = 279
CollectCoin:  time = 281
Jump:  StTime = 272 EdTime = 283
Jump:  StTime = 295 EdTime = 307
CollectCoin:  time = 314
StompKill:  EnemyType = 2 time = 314
CollectCoin:  time = 315
CollectCoin:  time = 318
CollectCoin:  time = 318
Jump:  StTime = 346 EdTime = 362
RightMove: StTime = 275 EdTime = 677
Jump:  StTime = 367 EdTime = 379
RightMove: StTime = 370 EdTime = 690
Jump:  StTime = 386 EdTime = 400
CollectCoin:  time = 408
Jump:  StTime = 419 EdTime = 431
Jump:  StTime = 436 EdTime = 455
RunState: StTime = 4 EdTime = 455
LittleState: StTime = -17 EdTime = 455
Totaltime = 472
Die:  EnemyType = 2
StartTime = -17
Jump:  StTime = 25 EdTime = 44
RightMove: StTime = -4 EdTime = 739
Jump:  StTime = 46 EdTime = 60
RightMove: StTime = 50 EdTime = 761
Jump:  StTime = 69 EdTime = 79
CollectCoin:  time = 109
CollectCoin:  time = 110
CollectCoin:  time = 112
Jump:  StTime = 98 EdTime = 113
Jump:  StTime = 122 EdTime = 140
RightMove: StTime = 73 EdTime = 830
Jump:  StTime = 144 EdTime = 156
RightMove: StTime = 149 EdTime = 845
Jump:  StTime = 167 EdTime = 183
CollectCoin:  time = 198
CollectCoin:  time = 199
RunState: StTime = 14 EdTime = 205
Jump:  StTime = 198 EdTime = 210
RightMove: StTime = 171 EdTime = 890
LittleState: StTime = -17 EdTime = 244
Totaltime = 261
Die:  EnemyType = 2
