StartTime = -17
Jump:  StTime = 13 EdTime = 25
Jump:  StTime = 38 EdTime = 46
CollectCoin:  time = 58
RunState: StTime = 4 EdTime = 60
LittleState: StTime = -17 EdTime = 60
Totaltime = 77
Die:  EnemyType = 2
StartTime = -17
Jump:  StTime = 15 EdTime = 27
CollectCoin:  time = 37
Jump:  StTime = 37 EdTime = 45
CollectCoin:  time = 58
RunState: StTime = 1 EdTime = 60
LittleState: StTime = -17 EdTime = 60
Totaltime = 77
Die:  EnemyType = 2
StartTime = -17
Jump:  StTime = 10 EdTime = 22
RightMove: StTime = -3 EdTime = 41
Jump:  StTime = 34 EdTime = 44
Jump:  StTime = 50 EdTime = 68
Jump:  StTime = 71 EdTime = 83
RightMove: StTime = 39 EdTime = 101
CollectCoin:  time = 99
CollectCoin:  time = 105
CollectCoin:  time = 106
CollectCoin:  time = 109
CollectCoin:  time = 111
Jump:  StTime = 105 EdTime = 113
RightMove: StTime = 100 EdTime = 116
Jump:  StTime = 119 EdTime = 131
Jump:  StTime = 135 EdTime = 145
Jump:  StTime = 149 EdTime = 166
Jump:  StTime = 168 EdTime = 185
RightMove: StTime = 124 EdTime = 178
Jump:  StTime = 188 EdTime = 196
Jump:  StTime = 201 EdTime = 218
Jump:  StTime = 225 EdTime = 235
Jump:  StTime = 253 EdTime = 268
CollectCoin:  time = 282
CollectCoin:  time = 283
Jump:  StTime = 272 EdTime = 284
RightMove: StTime = 193 EdTime = 282
Jump:  StTime = 297 EdTime = 309
RunState: StTime = -5 EdTime = 340
Jump:  StTime = 325 EdTime = 342
RightMove: StTime = 300 EdTime = 326
LittleState: StTime = -17 EdTime = 351
Totaltime = 368
Die:  EnemyType = 2
