StartTime = -17
Jump:  StTime = 24 EdTime = 34
RightMove: StTime = -1 EdTime = 53
CollectCoin:  time = 66
CollectCoin:  time = 68
Jump:  StTime = 57 EdTime = 69
Jump:  StTime = 81 EdTime = 93
Jump:  StTime = 98 EdTime = 116
Jump:  StTime = 122 EdTime = 132
Jump:  StTime = 137 EdTime = 153
RightMove: StTime = 62 EdTime = 156
Jump:  StTime = 160 EdTime = 166
RightMove: StTime = 166 EdTime = 188
RunState: StTime = 10 EdTime = 199
CollectCoin:  time = 200
RunState: StTime = 202 EdTime = 207
BlockPowerDestroy:  time = 212
Jump:  StTime = 210 EdTime = 218
Jump:  StTime = 224 EdTime = 236
RightMove: StTime = 200 EdTime = 227
LittleState: StTime = -17 EdTime = 253
LeftMove: StTime = 240 EdTime = 35
RunState: StTime = 263 EdTime = 278
Jump:  StTime = 272 EdTime = 283
RightMove: StTime = 276 EdTime = 236
RightMove: StTime = 286 EdTime = 237
RightMove: StTime = 292 EdTime = 242
Jump:  StTime = 288 EdTime = 301
CollectCoin:  time = 309
CollectCoin:  time = 311
CollectCoin:  time = 331
Jump:  StTime = 317 EdTime = 333
CollectCoin:  time = 333
CollectCoin:  time = 340
CollectCoin:  time = 342
CollectCoin:  time = 343
CollectCoin:  time = 345
CollectCoin:  time = 346
RightMove: StTime = 300 EdTime = 301
Jump:  StTime = 350 EdTime = 365
CollectCoin:  time = 368
CollectCoin:  time = 370
CollectCoin:  time = 373
CollectCoin:  time = 375
CollectCoin:  time = 376
CollectCoin:  time = 378
CollectCoin:  time = 380
CollectCoin:  time = 403
CollectCoin:  time = 404
Jump:  StTime = 387 EdTime = 405
CollectCoin:  time = 406
CollectCoin:  time = 407
CollectCoin:  time = 409
RightMove: StTime = 364 EdTime = 356
Jump:  StTime = 415 EdTime = 423
Jump:  StTime = 430 EdTime = 445
RightMove: StTime = 420 EdTime = 385
Jump:  StTime = 456 EdTime = 462
RightMove: StTime = 450 EdTime = 398
Jump:  StTime = 472 EdTime = 486
Jump:  StTime = 489 EdTime = 507
CollectCoin:  time = 510
CollectCoin:  time = 512
CollectCoin:  time = 513
CollectCoin:  time = 515
RightMove: StTime = 476 EdTime = 442
Jump:  StTime = 516 EdTime = 522
CollectCoin:  time = 533
CollectCoin:  time = 534
CollectCoin:  time = 536
CollectCoin:  time = 538
Jump:  StTime = 546 EdTime = 560
Jump:  StTime = 571 EdTime = 577
Totaltime = 594
RightMove: StTime = 522 EdTime = 497
RunState: StTime = 287 EdTime = 577
LargeState: StTime = 253 EdTime = 577
